[0.051s] Invoking command in '/home/batesr6/robotics/lab2/ros-lab-2/build/ros_gz_app': CMAKE_PREFIX_PATH=${CMAKE_PREFIX_PATH}:/home/batesr6/robotics/lab2/ros-lab-2/install/wall_follow_pub:/opt/ros/jazzy PS1=<ROS2-Jazzy>[\u@\h \W]$ /usr/bin/cmake --build /home/batesr6/robotics/lab2/ros-lab-2/build/ros_gz_app -- -j16 -l16
[0.306s] Invoked command in '/home/batesr6/robotics/lab2/ros-lab-2/build/ros_gz_app' returned '0': CMAKE_PREFIX_PATH=${CMAKE_PREFIX_PATH}:/home/batesr6/robotics/lab2/ros-lab-2/install/wall_follow_pub:/opt/ros/jazzy PS1=<ROS2-Jazzy>[\u@\h \W]$ /usr/bin/cmake --build /home/batesr6/robotics/lab2/ros-lab-2/build/ros_gz_app -- -j16 -l16
[0.308s] Invoking command in '/home/batesr6/robotics/lab2/ros-lab-2/build/ros_gz_app': CMAKE_PREFIX_PATH=${CMAKE_PREFIX_PATH}:/home/batesr6/robotics/lab2/ros-lab-2/install/wall_follow_pub:/opt/ros/jazzy PS1=<ROS2-Jazzy>[\u@\h \W]$ /usr/bin/cmake --install /home/batesr6/robotics/lab2/ros-lab-2/build/ros_gz_app
[0.322s] -- Install configuration: ""
[0.323s] -- Up-to-date: /home/batesr6/robotics/lab2/ros-lab-2/install/ros_gz_app/share/ament_index/resource_index/package_run_dependencies/ros_gz_app
[0.324s] -- Up-to-date: /home/batesr6/robotics/lab2/ros-lab-2/install/ros_gz_app/share/ament_index/resource_index/parent_prefix_path/ros_gz_app
[0.326s] -- Up-to-date: /home/batesr6/robotics/lab2/ros-lab-2/install/ros_gz_app/share/ros_gz_app/environment/ament_prefix_path.sh
[0.326s] -- Up-to-date: /home/batesr6/robotics/lab2/ros-lab-2/install/ros_gz_app/share/ros_gz_app/environment/ament_prefix_path.dsv
[0.327s] -- Up-to-date: /home/batesr6/robotics/lab2/ros-lab-2/install/ros_gz_app/share/ros_gz_app/environment/path.sh
[0.328s] -- Up-to-date: /home/batesr6/robotics/lab2/ros-lab-2/install/ros_gz_app/share/ros_gz_app/environment/path.dsv
[0.329s] -- Up-to-date: /home/batesr6/robotics/lab2/ros-lab-2/install/ros_gz_app/share/ros_gz_app/local_setup.bash
[0.329s] -- Up-to-date: /home/batesr6/robotics/lab2/ros-lab-2/install/ros_gz_app/share/ros_gz_app/local_setup.sh
[0.330s] -- Up-to-date: /home/batesr6/robotics/lab2/ros-lab-2/install/ros_gz_app/share/ros_gz_app/local_setup.zsh
[0.331s] -- Up-to-date: /home/batesr6/robotics/lab2/ros-lab-2/install/ros_gz_app/share/ros_gz_app/local_setup.dsv
[0.332s] -- Installing: /home/batesr6/robotics/lab2/ros-lab-2/install/ros_gz_app/share/ros_gz_app/package.dsv
[0.337s] -- Up-to-date: /home/batesr6/robotics/lab2/ros-lab-2/install/ros_gz_app/share/ament_index/resource_index/packages/ros_gz_app
[0.339s] -- Up-to-date: /home/batesr6/robotics/lab2/ros-lab-2/install/ros_gz_app/share/ros_gz_app/cmake/ros_gz_appConfig.cmake
[0.339s] -- Up-to-date: /home/batesr6/robotics/lab2/ros-lab-2/install/ros_gz_app/share/ros_gz_app/cmake/ros_gz_appConfig-version.cmake
[0.340s] -- Up-to-date: /home/batesr6/robotics/lab2/ros-lab-2/install/ros_gz_app/share/ros_gz_app/package.xml
[0.345s] Invoked command in '/home/batesr6/robotics/lab2/ros-lab-2/build/ros_gz_app' returned '0': CMAKE_PREFIX_PATH=${CMAKE_PREFIX_PATH}:/home/batesr6/robotics/lab2/ros-lab-2/install/wall_follow_pub:/opt/ros/jazzy PS1=<ROS2-Jazzy>[\u@\h \W]$ /usr/bin/cmake --install /home/batesr6/robotics/lab2/ros-lab-2/build/ros_gz_app
