[0.049s] Invoking command in '/home/batesr6/robotics/lab2/ros-lab-2/build/ros_gz_description': CMAKE_PREFIX_PATH=${CMAKE_PREFIX_PATH}:/opt/ros/jazzy PS1=<ROS2-Jazzy>[\u@\h \W]$ /usr/bin/cmake --build /home/batesr6/robotics/lab2/ros-lab-2/build/ros_gz_description -- -j16 -l16
[0.364s] Invoked command in '/home/batesr6/robotics/lab2/ros-lab-2/build/ros_gz_description' returned '0': CMAKE_PREFIX_PATH=${CMAKE_PREFIX_PATH}:/opt/ros/jazzy PS1=<ROS2-Jazzy>[\u@\h \W]$ /usr/bin/cmake --build /home/batesr6/robotics/lab2/ros-lab-2/build/ros_gz_description -- -j16 -l16
[0.367s] Invoking command in '/home/batesr6/robotics/lab2/ros-lab-2/build/ros_gz_description': CMAKE_PREFIX_PATH=${CMAKE_PREFIX_PATH}:/opt/ros/jazzy PS1=<ROS2-Jazzy>[\u@\h \W]$ /usr/bin/cmake --install /home/batesr6/robotics/lab2/ros-lab-2/build/ros_gz_description
[0.377s] -- Install configuration: ""
[0.377s] -- Up-to-date: /home/batesr6/robotics/lab2/ros-lab-2/install/ros_gz_description/share/ros_gz_description/models
[0.379s] -- Up-to-date: /home/batesr6/robotics/lab2/ros-lab-2/install/ros_gz_description/share/ros_gz_description/models/diff_drive
[0.380s] -- Up-to-date: /home/batesr6/robotics/lab2/ros-lab-2/install/ros_gz_description/share/ros_gz_description/models/diff_drive/model.sdf
[0.381s] -- Up-to-date: /home/batesr6/robotics/lab2/ros-lab-2/install/ros_gz_description/share/ros_gz_description/models/diff_drive/model.config
[0.382s] -- Up-to-date: /home/batesr6/robotics/lab2/ros-lab-2/install/ros_gz_description/share/ros_gz_description/environment/ros_gz_description.dsv
[0.383s] -- Up-to-date: /home/batesr6/robotics/lab2/ros-lab-2/install/ros_gz_description/share/ros_gz_description/environment/ros_gz_description.sh
[0.384s] -- Up-to-date: /home/batesr6/robotics/lab2/ros-lab-2/install/ros_gz_description/share/ament_index/resource_index/package_run_dependencies/ros_gz_description
[0.385s] -- Up-to-date: /home/batesr6/robotics/lab2/ros-lab-2/install/ros_gz_description/share/ament_index/resource_index/parent_prefix_path/ros_gz_description
[0.385s] -- Up-to-date: /home/batesr6/robotics/lab2/ros-lab-2/install/ros_gz_description/share/ros_gz_description/environment/ament_prefix_path.sh
[0.386s] -- Up-to-date: /home/batesr6/robotics/lab2/ros-lab-2/install/ros_gz_description/share/ros_gz_description/environment/ament_prefix_path.dsv
[0.387s] -- Up-to-date: /home/batesr6/robotics/lab2/ros-lab-2/install/ros_gz_description/share/ros_gz_description/environment/path.sh
[0.388s] -- Up-to-date: /home/batesr6/robotics/lab2/ros-lab-2/install/ros_gz_description/share/ros_gz_description/environment/path.dsv
[0.388s] -- Up-to-date: /home/batesr6/robotics/lab2/ros-lab-2/install/ros_gz_description/share/ros_gz_description/local_setup.bash
[0.389s] -- Up-to-date: /home/batesr6/robotics/lab2/ros-lab-2/install/ros_gz_description/share/ros_gz_description/local_setup.sh
[0.390s] -- Up-to-date: /home/batesr6/robotics/lab2/ros-lab-2/install/ros_gz_description/share/ros_gz_description/local_setup.zsh
[0.392s] -- Up-to-date: /home/batesr6/robotics/lab2/ros-lab-2/install/ros_gz_description/share/ros_gz_description/local_setup.dsv
[0.393s] -- Installing: /home/batesr6/robotics/lab2/ros-lab-2/install/ros_gz_description/share/ros_gz_description/package.dsv
[0.399s] -- Up-to-date: /home/batesr6/robotics/lab2/ros-lab-2/install/ros_gz_description/share/ament_index/resource_index/packages/ros_gz_description
[0.400s] -- Up-to-date: /home/batesr6/robotics/lab2/ros-lab-2/install/ros_gz_description/share/ros_gz_description/cmake/ros_gz_descriptionConfig.cmake
[0.401s] -- Up-to-date: /home/batesr6/robotics/lab2/ros-lab-2/install/ros_gz_description/share/ros_gz_description/cmake/ros_gz_descriptionConfig-version.cmake
[0.401s] -- Up-to-date: /home/batesr6/robotics/lab2/ros-lab-2/install/ros_gz_description/share/ros_gz_description/package.xml
[0.447s] Invoked command in '/home/batesr6/robotics/lab2/ros-lab-2/build/ros_gz_description' returned '0': CMAKE_PREFIX_PATH=${CMAKE_PREFIX_PATH}:/opt/ros/jazzy PS1=<ROS2-Jazzy>[\u@\h \W]$ /usr/bin/cmake --install /home/batesr6/robotics/lab2/ros-lab-2/build/ros_gz_description
