[0.053s] Invoking command in '/home/batesr6/robotics/lab2/ros-lab-2/build/ros_gz_description': CMAKE_PREFIX_PATH=${CMAKE_PREFIX_PATH}:/home/batesr6/robotics/lab2/ros-lab-2/install/wall_follow_pub:/opt/ros/jazzy PS1=<ROS2-Jazzy>[\u@\h \W]$ /usr/bin/cmake --build /home/batesr6/robotics/lab2/ros-lab-2/build/ros_gz_description -- -j16 -l16
[0.306s] Invoked command in '/home/batesr6/robotics/lab2/ros-lab-2/build/ros_gz_description' returned '0': CMAKE_PREFIX_PATH=${CMAKE_PREFIX_PATH}:/home/batesr6/robotics/lab2/ros-lab-2/install/wall_follow_pub:/opt/ros/jazzy PS1=<ROS2-Jazzy>[\u@\h \W]$ /usr/bin/cmake --build /home/batesr6/robotics/lab2/ros-lab-2/build/ros_gz_description -- -j16 -l16
[0.321s] Invoking command in '/home/batesr6/robotics/lab2/ros-lab-2/build/ros_gz_description': CMAKE_PREFIX_PATH=${CMAKE_PREFIX_PATH}:/home/batesr6/robotics/lab2/ros-lab-2/install/wall_follow_pub:/opt/ros/jazzy PS1=<ROS2-Jazzy>[\u@\h \W]$ /usr/bin/cmake --install /home/batesr6/robotics/lab2/ros-lab-2/build/ros_gz_description
[0.333s] -- Install configuration: ""
[0.334s] -- Up-to-date: /home/batesr6/robotics/lab2/ros-lab-2/install/ros_gz_description/share/ros_gz_description/models
[0.335s] -- Up-to-date: /home/batesr6/robotics/lab2/ros-lab-2/install/ros_gz_description/share/ros_gz_description/models/diff_drive
[0.336s] -- Up-to-date: /home/batesr6/robotics/lab2/ros-lab-2/install/ros_gz_description/share/ros_gz_description/models/diff_drive/model.sdf
[0.338s] -- Up-to-date: /home/batesr6/robotics/lab2/ros-lab-2/install/ros_gz_description/share/ros_gz_description/models/diff_drive/model.config
[0.339s] -- Up-to-date: /home/batesr6/robotics/lab2/ros-lab-2/install/ros_gz_description/share/ros_gz_description/environment/ros_gz_description.dsv
[0.339s] -- Up-to-date: /home/batesr6/robotics/lab2/ros-lab-2/install/ros_gz_description/share/ros_gz_description/environment/ros_gz_description.sh
[0.340s] -- Up-to-date: /home/batesr6/robotics/lab2/ros-lab-2/install/ros_gz_description/share/ament_index/resource_index/package_run_dependencies/ros_gz_description
[0.341s] -- Up-to-date: /home/batesr6/robotics/lab2/ros-lab-2/install/ros_gz_description/share/ament_index/resource_index/parent_prefix_path/ros_gz_description
[0.342s] -- Up-to-date: /home/batesr6/robotics/lab2/ros-lab-2/install/ros_gz_description/share/ros_gz_description/environment/ament_prefix_path.sh
[0.342s] -- Up-to-date: /home/batesr6/robotics/lab2/ros-lab-2/install/ros_gz_description/share/ros_gz_description/environment/ament_prefix_path.dsv
[0.343s] -- Up-to-date: /home/batesr6/robotics/lab2/ros-lab-2/install/ros_gz_description/share/ros_gz_description/environment/path.sh
[0.344s] -- Up-to-date: /home/batesr6/robotics/lab2/ros-lab-2/install/ros_gz_description/share/ros_gz_description/environment/path.dsv
[0.345s] -- Up-to-date: /home/batesr6/robotics/lab2/ros-lab-2/install/ros_gz_description/share/ros_gz_description/local_setup.bash
[0.346s] -- Up-to-date: /home/batesr6/robotics/lab2/ros-lab-2/install/ros_gz_description/share/ros_gz_description/local_setup.sh
[0.346s] -- Up-to-date: /home/batesr6/robotics/lab2/ros-lab-2/install/ros_gz_description/share/ros_gz_description/local_setup.zsh
[0.347s] -- Up-to-date: /home/batesr6/robotics/lab2/ros-lab-2/install/ros_gz_description/share/ros_gz_description/local_setup.dsv
[0.348s] -- Installing: /home/batesr6/robotics/lab2/ros-lab-2/install/ros_gz_description/share/ros_gz_description/package.dsv
[0.353s] -- Up-to-date: /home/batesr6/robotics/lab2/ros-lab-2/install/ros_gz_description/share/ament_index/resource_index/packages/ros_gz_description
[0.354s] -- Up-to-date: /home/batesr6/robotics/lab2/ros-lab-2/install/ros_gz_description/share/ros_gz_description/cmake/ros_gz_descriptionConfig.cmake
[0.355s] -- Up-to-date: /home/batesr6/robotics/lab2/ros-lab-2/install/ros_gz_description/share/ros_gz_description/cmake/ros_gz_descriptionConfig-version.cmake
[0.356s] -- Up-to-date: /home/batesr6/robotics/lab2/ros-lab-2/install/ros_gz_description/share/ros_gz_description/package.xml
[0.429s] Invoked command in '/home/batesr6/robotics/lab2/ros-lab-2/build/ros_gz_description' returned '0': CMAKE_PREFIX_PATH=${CMAKE_PREFIX_PATH}:/home/batesr6/robotics/lab2/ros-lab-2/install/wall_follow_pub:/opt/ros/jazzy PS1=<ROS2-Jazzy>[\u@\h \W]$ /usr/bin/cmake --install /home/batesr6/robotics/lab2/ros-lab-2/build/ros_gz_description
