[0.049s] Invoking command in '/home/batesr6/robotics/lab2/ros-lab-2/build/ros_gz_description': CMAKE_PREFIX_PATH=${CMAKE_PREFIX_PATH}:/home/batesr6/robotics/lab2/ros-lab-2/install/wall_follow_pub:/opt/ros/jazzy PS1=<ROS2-Jazzy>[\u@\h \W]$ /usr/bin/cmake --build /home/batesr6/robotics/lab2/ros-lab-2/build/ros_gz_description -- -j28 -l28
[0.225s] Invoked command in '/home/batesr6/robotics/lab2/ros-lab-2/build/ros_gz_description' returned '0': CMAKE_PREFIX_PATH=${CMAKE_PREFIX_PATH}:/home/batesr6/robotics/lab2/ros-lab-2/install/wall_follow_pub:/opt/ros/jazzy PS1=<ROS2-Jazzy>[\u@\h \W]$ /usr/bin/cmake --build /home/batesr6/robotics/lab2/ros-lab-2/build/ros_gz_description -- -j28 -l28
[0.230s] Invoking command in '/home/batesr6/robotics/lab2/ros-lab-2/build/ros_gz_description': CMAKE_PREFIX_PATH=${CMAKE_PREFIX_PATH}:/home/batesr6/robotics/lab2/ros-lab-2/install/wall_follow_pub:/opt/ros/jazzy PS1=<ROS2-Jazzy>[\u@\h \W]$ /usr/bin/cmake --install /home/batesr6/robotics/lab2/ros-lab-2/build/ros_gz_description
[0.246s] -- Install configuration: ""
[0.247s] -- Up-to-date: /home/batesr6/robotics/lab2/ros-lab-2/install/ros_gz_description/share/ros_gz_description/models
[0.248s] -- Up-to-date: /home/batesr6/robotics/lab2/ros-lab-2/install/ros_gz_description/share/ros_gz_description/models/diff_drive
[0.249s] -- Installing: /home/batesr6/robotics/lab2/ros-lab-2/install/ros_gz_description/share/ros_gz_description/models/diff_drive/model.sdf
[0.255s] -- Up-to-date: /home/batesr6/robotics/lab2/ros-lab-2/install/ros_gz_description/share/ros_gz_description/models/diff_drive/model.config
[0.256s] -- Up-to-date: /home/batesr6/robotics/lab2/ros-lab-2/install/ros_gz_description/share/ros_gz_description/environment/ros_gz_description.dsv
[0.257s] -- Up-to-date: /home/batesr6/robotics/lab2/ros-lab-2/install/ros_gz_description/share/ros_gz_description/environment/ros_gz_description.sh
[0.258s] -- Up-to-date: /home/batesr6/robotics/lab2/ros-lab-2/install/ros_gz_description/share/ament_index/resource_index/package_run_dependencies/ros_gz_description
[0.260s] -- Up-to-date: /home/batesr6/robotics/lab2/ros-lab-2/install/ros_gz_description/share/ament_index/resource_index/parent_prefix_path/ros_gz_description
[0.260s] -- Up-to-date: /home/batesr6/robotics/lab2/ros-lab-2/install/ros_gz_description/share/ros_gz_description/environment/ament_prefix_path.sh
[0.261s] -- Up-to-date: /home/batesr6/robotics/lab2/ros-lab-2/install/ros_gz_description/share/ros_gz_description/environment/ament_prefix_path.dsv
[0.262s] -- Up-to-date: /home/batesr6/robotics/lab2/ros-lab-2/install/ros_gz_description/share/ros_gz_description/environment/path.sh
[0.263s] -- Up-to-date: /home/batesr6/robotics/lab2/ros-lab-2/install/ros_gz_description/share/ros_gz_description/environment/path.dsv
[0.264s] -- Up-to-date: /home/batesr6/robotics/lab2/ros-lab-2/install/ros_gz_description/share/ros_gz_description/local_setup.bash
[0.265s] -- Up-to-date: /home/batesr6/robotics/lab2/ros-lab-2/install/ros_gz_description/share/ros_gz_description/local_setup.sh
[0.266s] -- Up-to-date: /home/batesr6/robotics/lab2/ros-lab-2/install/ros_gz_description/share/ros_gz_description/local_setup.zsh
[0.266s] -- Up-to-date: /home/batesr6/robotics/lab2/ros-lab-2/install/ros_gz_description/share/ros_gz_description/local_setup.dsv
[0.267s] -- Installing: /home/batesr6/robotics/lab2/ros-lab-2/install/ros_gz_description/share/ros_gz_description/package.dsv
[0.274s] -- Up-to-date: /home/batesr6/robotics/lab2/ros-lab-2/install/ros_gz_description/share/ament_index/resource_index/packages/ros_gz_description
[0.275s] -- Up-to-date: /home/batesr6/robotics/lab2/ros-lab-2/install/ros_gz_description/share/ros_gz_description/cmake/ros_gz_descriptionConfig.cmake
[0.276s] -- Up-to-date: /home/batesr6/robotics/lab2/ros-lab-2/install/ros_gz_description/share/ros_gz_description/cmake/ros_gz_descriptionConfig-version.cmake
[0.276s] -- Up-to-date: /home/batesr6/robotics/lab2/ros-lab-2/install/ros_gz_description/share/ros_gz_description/package.xml
[0.321s] Invoked command in '/home/batesr6/robotics/lab2/ros-lab-2/build/ros_gz_description' returned '0': CMAKE_PREFIX_PATH=${CMAKE_PREFIX_PATH}:/home/batesr6/robotics/lab2/ros-lab-2/install/wall_follow_pub:/opt/ros/jazzy PS1=<ROS2-Jazzy>[\u@\h \W]$ /usr/bin/cmake --install /home/batesr6/robotics/lab2/ros-lab-2/build/ros_gz_description
