[0.054s] Invoking command in '/home/batesr6/robotics/lab2/ros-lab-2/build/ros_gz_description': CMAKE_PREFIX_PATH=${CMAKE_PREFIX_PATH}:/home/batesr6/robotics/lab2/ros-lab-2/install/wall_follow_pub:/opt/ros/jazzy PS1=<ROS2-Jazzy>[\u@\h \W]$ /usr/bin/cmake --build /home/batesr6/robotics/lab2/ros-lab-2/build/ros_gz_description -- -j16 -l16
[0.327s] Invoked command in '/home/batesr6/robotics/lab2/ros-lab-2/build/ros_gz_description' returned '0': CMAKE_PREFIX_PATH=${CMAKE_PREFIX_PATH}:/home/batesr6/robotics/lab2/ros-lab-2/install/wall_follow_pub:/opt/ros/jazzy PS1=<ROS2-Jazzy>[\u@\h \W]$ /usr/bin/cmake --build /home/batesr6/robotics/lab2/ros-lab-2/build/ros_gz_description -- -j16 -l16
[0.344s] Invoking command in '/home/batesr6/robotics/lab2/ros-lab-2/build/ros_gz_description': CMAKE_PREFIX_PATH=${CMAKE_PREFIX_PATH}:/home/batesr6/robotics/lab2/ros-lab-2/install/wall_follow_pub:/opt/ros/jazzy PS1=<ROS2-Jazzy>[\u@\h \W]$ /usr/bin/cmake --install /home/batesr6/robotics/lab2/ros-lab-2/build/ros_gz_description
[0.360s] -- Install configuration: ""
[0.360s] -- Up-to-date: /home/batesr6/robotics/lab2/ros-lab-2/install/ros_gz_description/share/ros_gz_description/models
[0.362s] -- Up-to-date: /home/batesr6/robotics/lab2/ros-lab-2/install/ros_gz_description/share/ros_gz_description/models/diff_drive
[0.364s] -- Up-to-date: /home/batesr6/robotics/lab2/ros-lab-2/install/ros_gz_description/share/ros_gz_description/models/diff_drive/model.sdf
[0.364s] -- Up-to-date: /home/batesr6/robotics/lab2/ros-lab-2/install/ros_gz_description/share/ros_gz_description/models/diff_drive/model.config
[0.365s] -- Up-to-date: /home/batesr6/robotics/lab2/ros-lab-2/install/ros_gz_description/share/ros_gz_description/environment/ros_gz_description.dsv
[0.366s] -- Up-to-date: /home/batesr6/robotics/lab2/ros-lab-2/install/ros_gz_description/share/ros_gz_description/environment/ros_gz_description.sh
[0.367s] -- Up-to-date: /home/batesr6/robotics/lab2/ros-lab-2/install/ros_gz_description/share/ament_index/resource_index/package_run_dependencies/ros_gz_description
[0.369s] -- Up-to-date: /home/batesr6/robotics/lab2/ros-lab-2/install/ros_gz_description/share/ament_index/resource_index/parent_prefix_path/ros_gz_description
[0.369s] -- Up-to-date: /home/batesr6/robotics/lab2/ros-lab-2/install/ros_gz_description/share/ros_gz_description/environment/ament_prefix_path.sh
[0.370s] -- Up-to-date: /home/batesr6/robotics/lab2/ros-lab-2/install/ros_gz_description/share/ros_gz_description/environment/ament_prefix_path.dsv
[0.371s] -- Up-to-date: /home/batesr6/robotics/lab2/ros-lab-2/install/ros_gz_description/share/ros_gz_description/environment/path.sh
[0.372s] -- Up-to-date: /home/batesr6/robotics/lab2/ros-lab-2/install/ros_gz_description/share/ros_gz_description/environment/path.dsv
[0.373s] -- Up-to-date: /home/batesr6/robotics/lab2/ros-lab-2/install/ros_gz_description/share/ros_gz_description/local_setup.bash
[0.374s] -- Up-to-date: /home/batesr6/robotics/lab2/ros-lab-2/install/ros_gz_description/share/ros_gz_description/local_setup.sh
[0.375s] -- Up-to-date: /home/batesr6/robotics/lab2/ros-lab-2/install/ros_gz_description/share/ros_gz_description/local_setup.zsh
[0.376s] -- Up-to-date: /home/batesr6/robotics/lab2/ros-lab-2/install/ros_gz_description/share/ros_gz_description/local_setup.dsv
[0.377s] -- Installing: /home/batesr6/robotics/lab2/ros-lab-2/install/ros_gz_description/share/ros_gz_description/package.dsv
[0.383s] -- Up-to-date: /home/batesr6/robotics/lab2/ros-lab-2/install/ros_gz_description/share/ament_index/resource_index/packages/ros_gz_description
[0.385s] -- Up-to-date: /home/batesr6/robotics/lab2/ros-lab-2/install/ros_gz_description/share/ros_gz_description/cmake/ros_gz_descriptionConfig.cmake
[0.386s] -- Up-to-date: /home/batesr6/robotics/lab2/ros-lab-2/install/ros_gz_description/share/ros_gz_description/cmake/ros_gz_descriptionConfig-version.cmake
[0.387s] -- Up-to-date: /home/batesr6/robotics/lab2/ros-lab-2/install/ros_gz_description/share/ros_gz_description/package.xml
[0.478s] Invoked command in '/home/batesr6/robotics/lab2/ros-lab-2/build/ros_gz_description' returned '0': CMAKE_PREFIX_PATH=${CMAKE_PREFIX_PATH}:/home/batesr6/robotics/lab2/ros-lab-2/install/wall_follow_pub:/opt/ros/jazzy PS1=<ROS2-Jazzy>[\u@\h \W]$ /usr/bin/cmake --install /home/batesr6/robotics/lab2/ros-lab-2/build/ros_gz_description
