[0.618s] Invoking command in '/home/batesr6/robotics/lab2/ros-lab-2/wall_ws/src/wall_follow_pub': PS1=<ROS2-Jazzy>[\u@\h \W]$ PYTHONPATH=/home/batesr6/robotics/lab2/ros-lab-2/build/wall_follow_pub/prefix_override:/usr/lib/python3/dist-packages/colcon_core/task/python/colcon_distutils_commands:/home/batesr6/robotics/lab2/ros-lab-2/install/wall_follow_pub/lib/python3.12/site-packages:${PYTHONPATH} /usr/bin/python3 -W ignore:setup.py install is deprecated -W ignore:easy_install command is deprecated setup.py egg_info --egg-base ../../../build/wall_follow_pub build --build-base /home/batesr6/robotics/lab2/ros-lab-2/build/wall_follow_pub/build install --record /home/batesr6/robotics/lab2/ros-lab-2/build/wall_follow_pub/install.log --single-version-externally-managed install_data
[0.748s] running egg_info
[0.757s] writing ../../../build/wall_follow_pub/wall_follow_pub.egg-info/PKG-INFO
[0.759s] writing dependency_links to ../../../build/wall_follow_pub/wall_follow_pub.egg-info/dependency_links.txt
[0.760s] writing entry points to ../../../build/wall_follow_pub/wall_follow_pub.egg-info/entry_points.txt
[0.761s] writing requirements to ../../../build/wall_follow_pub/wall_follow_pub.egg-info/requires.txt
[0.763s] writing top-level names to ../../../build/wall_follow_pub/wall_follow_pub.egg-info/top_level.txt
[0.786s] reading manifest file '../../../build/wall_follow_pub/wall_follow_pub.egg-info/SOURCES.txt'
[0.787s] adding license file 'LICENSE'
[0.788s] writing manifest file '../../../build/wall_follow_pub/wall_follow_pub.egg-info/SOURCES.txt'
[0.789s] running build
[0.789s] running build_py
[0.790s] copying wall_follow_pub/wall_follow_node.py -> /home/batesr6/robotics/lab2/ros-lab-2/build/wall_follow_pub/build/lib/wall_follow_pub
[0.792s] running install
[0.795s] running install_lib
[0.805s] copying /home/batesr6/robotics/lab2/ros-lab-2/build/wall_follow_pub/build/lib/wall_follow_pub/wall_follow_node.py -> /home/batesr6/robotics/lab2/ros-lab-2/install/wall_follow_pub/lib/python3.12/site-packages/wall_follow_pub
[0.808s] byte-compiling /home/batesr6/robotics/lab2/ros-lab-2/install/wall_follow_pub/lib/python3.12/site-packages/wall_follow_pub/wall_follow_node.py to wall_follow_node.cpython-312.pyc
[0.815s] running install_data
[0.816s] running install_egg_info
[0.821s] removing '/home/batesr6/robotics/lab2/ros-lab-2/install/wall_follow_pub/lib/python3.12/site-packages/wall_follow_pub-0.0.0-py3.12.egg-info' (and everything under it)
[0.827s] Copying ../../../build/wall_follow_pub/wall_follow_pub.egg-info to /home/batesr6/robotics/lab2/ros-lab-2/install/wall_follow_pub/lib/python3.12/site-packages/wall_follow_pub-0.0.0-py3.12.egg-info
[0.860s] running install_scripts
[0.992s] Installing wall_follower script to /home/batesr6/robotics/lab2/ros-lab-2/install/wall_follow_pub/lib/wall_follow_pub
[0.995s] writing list of installed files to '/home/batesr6/robotics/lab2/ros-lab-2/build/wall_follow_pub/install.log'
[1.008s] Invoked command in '/home/batesr6/robotics/lab2/ros-lab-2/wall_ws/src/wall_follow_pub' returned '0': PS1=<ROS2-Jazzy>[\u@\h \W]$ PYTHONPATH=/home/batesr6/robotics/lab2/ros-lab-2/build/wall_follow_pub/prefix_override:/usr/lib/python3/dist-packages/colcon_core/task/python/colcon_distutils_commands:/home/batesr6/robotics/lab2/ros-lab-2/install/wall_follow_pub/lib/python3.12/site-packages:${PYTHONPATH} /usr/bin/python3 -W ignore:setup.py install is deprecated -W ignore:easy_install command is deprecated setup.py egg_info --egg-base ../../../build/wall_follow_pub build --build-base /home/batesr6/robotics/lab2/ros-lab-2/build/wall_follow_pub/build install --record /home/batesr6/robotics/lab2/ros-lab-2/build/wall_follow_pub/install.log --single-version-externally-managed install_data
