[0.541s] Invoking command in '/home/batesr6/robotics/lab2/ros-lab-2/wall_ws/src/wall_follow_pub': PS1=<ROS2-Jazzy>[\u@\h \W]$ PYTHONPATH=/home/batesr6/robotics/lab2/ros-lab-2/wall_ws/build/wall_follow_pub/prefix_override:/usr/lib/python3/dist-packages/colcon_core/task/python/colcon_distutils_commands:/home/batesr6/robotics/lab2/ros-lab-2/wall_ws/install/wall_follow_pub/lib/python3.12/site-packages:${PYTHONPATH} /usr/bin/python3 -W ignore:setup.py install is deprecated -W ignore:easy_install command is deprecated setup.py egg_info --egg-base ../../build/wall_follow_pub build --build-base /home/batesr6/robotics/lab2/ros-lab-2/wall_ws/build/wall_follow_pub/build install --record /home/batesr6/robotics/lab2/ros-lab-2/wall_ws/build/wall_follow_pub/install.log --single-version-externally-managed install_data
[0.700s] running egg_info
[0.709s] writing ../../build/wall_follow_pub/wall_follow_pub.egg-info/PKG-INFO
[0.712s] writing dependency_links to ../../build/wall_follow_pub/wall_follow_pub.egg-info/dependency_links.txt
[0.713s] writing entry points to ../../build/wall_follow_pub/wall_follow_pub.egg-info/entry_points.txt
[0.715s] writing requirements to ../../build/wall_follow_pub/wall_follow_pub.egg-info/requires.txt
[0.716s] writing top-level names to ../../build/wall_follow_pub/wall_follow_pub.egg-info/top_level.txt
[0.751s] reading manifest file '../../build/wall_follow_pub/wall_follow_pub.egg-info/SOURCES.txt'
[0.752s] adding license file 'LICENSE'
[0.753s] writing manifest file '../../build/wall_follow_pub/wall_follow_pub.egg-info/SOURCES.txt'
[0.755s] running build
[0.755s] running build_py
[0.756s] copying wall_follow_pub/wall_follow_node.py -> /home/batesr6/robotics/lab2/ros-lab-2/wall_ws/build/wall_follow_pub/build/lib/wall_follow_pub
[0.760s] running install
[0.765s] running install_lib
[0.777s] copying /home/batesr6/robotics/lab2/ros-lab-2/wall_ws/build/wall_follow_pub/build/lib/wall_follow_pub/wall_follow_node.py -> /home/batesr6/robotics/lab2/ros-lab-2/wall_ws/install/wall_follow_pub/lib/python3.12/site-packages/wall_follow_pub
[0.780s] byte-compiling /home/batesr6/robotics/lab2/ros-lab-2/wall_ws/install/wall_follow_pub/lib/python3.12/site-packages/wall_follow_pub/wall_follow_node.py to wall_follow_node.cpython-312.pyc
[0.785s] running install_data
[0.786s] running install_egg_info
[0.810s] removing '/home/batesr6/robotics/lab2/ros-lab-2/wall_ws/install/wall_follow_pub/lib/python3.12/site-packages/wall_follow_pub-0.0.0-py3.12.egg-info' (and everything under it)
[0.816s] Copying ../../build/wall_follow_pub/wall_follow_pub.egg-info to /home/batesr6/robotics/lab2/ros-lab-2/wall_ws/install/wall_follow_pub/lib/python3.12/site-packages/wall_follow_pub-0.0.0-py3.12.egg-info
[0.846s] running install_scripts
[0.959s] Installing wall_follower script to /home/batesr6/robotics/lab2/ros-lab-2/wall_ws/install/wall_follow_pub/lib/wall_follow_pub
[0.962s] writing list of installed files to '/home/batesr6/robotics/lab2/ros-lab-2/wall_ws/build/wall_follow_pub/install.log'
[0.979s] Invoked command in '/home/batesr6/robotics/lab2/ros-lab-2/wall_ws/src/wall_follow_pub' returned '0': PS1=<ROS2-Jazzy>[\u@\h \W]$ PYTHONPATH=/home/batesr6/robotics/lab2/ros-lab-2/wall_ws/build/wall_follow_pub/prefix_override:/usr/lib/python3/dist-packages/colcon_core/task/python/colcon_distutils_commands:/home/batesr6/robotics/lab2/ros-lab-2/wall_ws/install/wall_follow_pub/lib/python3.12/site-packages:${PYTHONPATH} /usr/bin/python3 -W ignore:setup.py install is deprecated -W ignore:easy_install command is deprecated setup.py egg_info --egg-base ../../build/wall_follow_pub build --build-base /home/batesr6/robotics/lab2/ros-lab-2/wall_ws/build/wall_follow_pub/build install --record /home/batesr6/robotics/lab2/ros-lab-2/wall_ws/build/wall_follow_pub/install.log --single-version-externally-managed install_data
