[0.050s] Invoking command in '/home/batesr6/robotics/lab2/ros-lab-2/build/ros_gz_app': CMAKE_PREFIX_PATH=${CMAKE_PREFIX_PATH}:/home/batesr6/robotics/lab2/ros-lab-2/install/wall_follow_pub:/opt/ros/jazzy PS1=<ROS2-Jazzy>[\u@\h \W]$ /usr/bin/cmake --build /home/batesr6/robotics/lab2/ros-lab-2/build/ros_gz_app -- -j16 -l16
[0.284s] Invoked command in '/home/batesr6/robotics/lab2/ros-lab-2/build/ros_gz_app' returned '0': CMAKE_PREFIX_PATH=${CMAKE_PREFIX_PATH}:/home/batesr6/robotics/lab2/ros-lab-2/install/wall_follow_pub:/opt/ros/jazzy PS1=<ROS2-Jazzy>[\u@\h \W]$ /usr/bin/cmake --build /home/batesr6/robotics/lab2/ros-lab-2/build/ros_gz_app -- -j16 -l16
[0.287s] Invoking command in '/home/batesr6/robotics/lab2/ros-lab-2/build/ros_gz_app': CMAKE_PREFIX_PATH=${CMAKE_PREFIX_PATH}:/home/batesr6/robotics/lab2/ros-lab-2/install/wall_follow_pub:/opt/ros/jazzy PS1=<ROS2-Jazzy>[\u@\h \W]$ /usr/bin/cmake --install /home/batesr6/robotics/lab2/ros-lab-2/build/ros_gz_app
[0.299s] -- Install configuration: ""
[0.299s] -- Up-to-date: /home/batesr6/robotics/lab2/ros-lab-2/install/ros_gz_app/share/ament_index/resource_index/package_run_dependencies/ros_gz_app
[0.300s] -- Up-to-date: /home/batesr6/robotics/lab2/ros-lab-2/install/ros_gz_app/share/ament_index/resource_index/parent_prefix_path/ros_gz_app
[0.302s] -- Up-to-date: /home/batesr6/robotics/lab2/ros-lab-2/install/ros_gz_app/share/ros_gz_app/environment/ament_prefix_path.sh
[0.303s] -- Up-to-date: /home/batesr6/robotics/lab2/ros-lab-2/install/ros_gz_app/share/ros_gz_app/environment/ament_prefix_path.dsv
[0.304s] -- Up-to-date: /home/batesr6/robotics/lab2/ros-lab-2/install/ros_gz_app/share/ros_gz_app/environment/path.sh
[0.305s] -- Up-to-date: /home/batesr6/robotics/lab2/ros-lab-2/install/ros_gz_app/share/ros_gz_app/environment/path.dsv
[0.305s] -- Up-to-date: /home/batesr6/robotics/lab2/ros-lab-2/install/ros_gz_app/share/ros_gz_app/local_setup.bash
[0.306s] -- Up-to-date: /home/batesr6/robotics/lab2/ros-lab-2/install/ros_gz_app/share/ros_gz_app/local_setup.sh
[0.307s] -- Up-to-date: /home/batesr6/robotics/lab2/ros-lab-2/install/ros_gz_app/share/ros_gz_app/local_setup.zsh
[0.308s] -- Up-to-date: /home/batesr6/robotics/lab2/ros-lab-2/install/ros_gz_app/share/ros_gz_app/local_setup.dsv
[0.309s] -- Installing: /home/batesr6/robotics/lab2/ros-lab-2/install/ros_gz_app/share/ros_gz_app/package.dsv
[0.316s] -- Up-to-date: /home/batesr6/robotics/lab2/ros-lab-2/install/ros_gz_app/share/ament_index/resource_index/packages/ros_gz_app
[0.317s] -- Up-to-date: /home/batesr6/robotics/lab2/ros-lab-2/install/ros_gz_app/share/ros_gz_app/cmake/ros_gz_appConfig.cmake
[0.318s] -- Up-to-date: /home/batesr6/robotics/lab2/ros-lab-2/install/ros_gz_app/share/ros_gz_app/cmake/ros_gz_appConfig-version.cmake
[0.320s] -- Up-to-date: /home/batesr6/robotics/lab2/ros-lab-2/install/ros_gz_app/share/ros_gz_app/package.xml
[0.394s] Invoked command in '/home/batesr6/robotics/lab2/ros-lab-2/build/ros_gz_app' returned '0': CMAKE_PREFIX_PATH=${CMAKE_PREFIX_PATH}:/home/batesr6/robotics/lab2/ros-lab-2/install/wall_follow_pub:/opt/ros/jazzy PS1=<ROS2-Jazzy>[\u@\h \W]$ /usr/bin/cmake --install /home/batesr6/robotics/lab2/ros-lab-2/build/ros_gz_app
