[0.907s] Invoking command in '/home/batesr6/robotics/lab2/ros-lab-2/wall_ws/src/wall_follow_pub': PS1=<ROS2-Jazzy>[\u@\h \W]$ PYTHONPATH=/home/batesr6/robotics/lab2/ros-lab-2/build/wall_follow_pub/prefix_override:/usr/lib/python3/dist-packages/colcon_core/task/python/colcon_distutils_commands:/home/batesr6/robotics/lab2/ros-lab-2/install/wall_follow_pub/lib/python3.12/site-packages:${PYTHONPATH} /usr/bin/python3 -W ignore:setup.py install is deprecated -W ignore:easy_install command is deprecated setup.py egg_info --egg-base ../../../build/wall_follow_pub build --build-base /home/batesr6/robotics/lab2/ros-lab-2/build/wall_follow_pub/build install --record /home/batesr6/robotics/lab2/ros-lab-2/build/wall_follow_pub/install.log --single-version-externally-managed install_data
[1.158s] running egg_info
[1.177s] writing ../../../build/wall_follow_pub/wall_follow_pub.egg-info/PKG-INFO
[1.181s] writing dependency_links to ../../../build/wall_follow_pub/wall_follow_pub.egg-info/dependency_links.txt
[1.184s] writing entry points to ../../../build/wall_follow_pub/wall_follow_pub.egg-info/entry_points.txt
[1.186s] writing requirements to ../../../build/wall_follow_pub/wall_follow_pub.egg-info/requires.txt
[1.188s] writing top-level names to ../../../build/wall_follow_pub/wall_follow_pub.egg-info/top_level.txt
[1.232s] reading manifest file '../../../build/wall_follow_pub/wall_follow_pub.egg-info/SOURCES.txt'
[1.234s] adding license file 'LICENSE'
[1.234s] writing manifest file '../../../build/wall_follow_pub/wall_follow_pub.egg-info/SOURCES.txt'
[1.237s] running build
[1.237s] running build_py
[1.238s] copying wall_follow_pub/wall_follow_node.py -> /home/batesr6/robotics/lab2/ros-lab-2/build/wall_follow_pub/build/lib/wall_follow_pub
[1.244s] running install
[1.249s] running install_lib
[1.269s] copying /home/batesr6/robotics/lab2/ros-lab-2/build/wall_follow_pub/build/lib/wall_follow_pub/wall_follow_node.py -> /home/batesr6/robotics/lab2/ros-lab-2/install/wall_follow_pub/lib/python3.12/site-packages/wall_follow_pub
[1.276s] byte-compiling /home/batesr6/robotics/lab2/ros-lab-2/install/wall_follow_pub/lib/python3.12/site-packages/wall_follow_pub/wall_follow_node.py to wall_follow_node.cpython-312.pyc
[1.282s] running install_data
[1.283s] running install_egg_info
[1.302s] removing '/home/batesr6/robotics/lab2/ros-lab-2/install/wall_follow_pub/lib/python3.12/site-packages/wall_follow_pub-0.0.0-py3.12.egg-info' (and everything under it)
[1.309s] Copying ../../../build/wall_follow_pub/wall_follow_pub.egg-info to /home/batesr6/robotics/lab2/ros-lab-2/install/wall_follow_pub/lib/python3.12/site-packages/wall_follow_pub-0.0.0-py3.12.egg-info
[1.343s] running install_scripts
[1.495s] Installing wall_follower script to /home/batesr6/robotics/lab2/ros-lab-2/install/wall_follow_pub/lib/wall_follow_pub
[1.498s] writing list of installed files to '/home/batesr6/robotics/lab2/ros-lab-2/build/wall_follow_pub/install.log'
[1.536s] Invoked command in '/home/batesr6/robotics/lab2/ros-lab-2/wall_ws/src/wall_follow_pub' returned '0': PS1=<ROS2-Jazzy>[\u@\h \W]$ PYTHONPATH=/home/batesr6/robotics/lab2/ros-lab-2/build/wall_follow_pub/prefix_override:/usr/lib/python3/dist-packages/colcon_core/task/python/colcon_distutils_commands:/home/batesr6/robotics/lab2/ros-lab-2/install/wall_follow_pub/lib/python3.12/site-packages:${PYTHONPATH} /usr/bin/python3 -W ignore:setup.py install is deprecated -W ignore:easy_install command is deprecated setup.py egg_info --egg-base ../../../build/wall_follow_pub build --build-base /home/batesr6/robotics/lab2/ros-lab-2/build/wall_follow_pub/build install --record /home/batesr6/robotics/lab2/ros-lab-2/build/wall_follow_pub/install.log --single-version-externally-managed install_data
