[0.117s] DEBUG:colcon:Command line arguments: ['/usr/bin/colcon', 'build']
[0.117s] DEBUG:colcon:Parsed command line arguments: Namespace(log_base=None, log_level=None, verb_name='build', build_base='build', install_base='install', merge_install=False, symlink_install=False, test_result_base=None, continue_on_error=False, executor='parallel', parallel_workers=16, event_handlers=None, ignore_user_meta=False, metas=['./colcon.meta'], base_paths=['.'], packages_ignore=None, packages_ignore_regex=None, paths=None, packages_up_to=None, packages_up_to_regex=None, packages_above=None, packages_above_and_dependencies=None, packages_above_depth=None, packages_select_by_dep=None, packages_skip_by_dep=None, packages_skip_up_to=None, packages_select_build_failed=False, packages_skip_build_finished=False, packages_select_test_failures=False, packages_skip_test_passed=False, packages_select=None, packages_skip=None, packages_select_regex=None, packages_skip_regex=None, packages_start=None, packages_end=None, allow_overriding=[], cmake_args=None, cmake_target=None, cmake_target_skip_unavailable=False, cmake_clean_cache=False, cmake_clean_first=False, cmake_force_configure=False, ament_cmake_args=None, catkin_cmake_args=None, catkin_skip_building_tests=False, mixin_files=None, mixin=None, verb_parser=<colcon_mixin.mixin.mixin_argument.MixinArgumentDecorator object at 0x7f54f2a8b410>, verb_extension=<colcon_core.verb.build.BuildVerb object at 0x7f54f2c1fa40>, main=<bound method BuildVerb.main of <colcon_core.verb.build.BuildVerb object at 0x7f54f2c1fa40>>, mixin_verb=('build',))
[0.154s] Level 1:colcon.colcon_core.package_discovery:discover_packages(colcon_meta) check parameters
[0.154s] Level 1:colcon.colcon_core.package_discovery:discover_packages(recursive) check parameters
[0.154s] Level 1:colcon.colcon_core.package_discovery:discover_packages(ignore) check parameters
[0.154s] Level 1:colcon.colcon_core.package_discovery:discover_packages(path) check parameters
[0.154s] Level 1:colcon.colcon_core.package_discovery:discover_packages(colcon_meta) discover
[0.154s] Level 1:colcon.colcon_core.package_discovery:discover_packages(recursive) discover
[0.154s] INFO:colcon.colcon_core.package_discovery:Crawling recursively for packages in '/home/batesr6/robotics/lab2/ros-lab-2'
[0.155s] Level 1:colcon.colcon_core.package_identification:_identify(.) by extensions ['ignore', 'ignore_ament_install']
[0.155s] Level 1:colcon.colcon_core.package_identification:_identify(.) by extension 'ignore'
[0.155s] Level 1:colcon.colcon_core.package_identification:_identify(.) by extension 'ignore_ament_install'
[0.155s] Level 1:colcon.colcon_core.package_identification:_identify(.) by extensions ['colcon_pkg']
[0.155s] Level 1:colcon.colcon_core.package_identification:_identify(.) by extension 'colcon_pkg'
[0.155s] Level 1:colcon.colcon_core.package_identification:_identify(.) by extensions ['colcon_meta']
[0.155s] Level 1:colcon.colcon_core.package_identification:_identify(.) by extension 'colcon_meta'
[0.155s] Level 1:colcon.colcon_core.package_identification:_identify(.) by extensions ['ros']
[0.155s] Level 1:colcon.colcon_core.package_identification:_identify(.) by extension 'ros'
[0.181s] Level 1:colcon.colcon_core.package_identification:_identify(.) by extensions ['cmake', 'python']
[0.181s] Level 1:colcon.colcon_core.package_identification:_identify(.) by extension 'cmake'
[0.181s] Level 1:colcon.colcon_core.package_identification:_identify(.) by extension 'python'
[0.181s] Level 1:colcon.colcon_core.package_identification:_identify(.) by extensions ['python_setup_py']
[0.181s] Level 1:colcon.colcon_core.package_identification:_identify(.) by extension 'python_setup_py'
[0.182s] Level 1:colcon.colcon_core.package_identification:_identify(build) by extensions ['ignore', 'ignore_ament_install']
[0.182s] Level 1:colcon.colcon_core.package_identification:_identify(build) by extension 'ignore'
[0.182s] Level 1:colcon.colcon_core.package_identification:_identify(build) ignored
[0.182s] Level 1:colcon.colcon_core.package_identification:_identify(figs) by extensions ['ignore', 'ignore_ament_install']
[0.182s] Level 1:colcon.colcon_core.package_identification:_identify(figs) by extension 'ignore'
[0.182s] Level 1:colcon.colcon_core.package_identification:_identify(figs) by extension 'ignore_ament_install'
[0.183s] Level 1:colcon.colcon_core.package_identification:_identify(figs) by extensions ['colcon_pkg']
[0.183s] Level 1:colcon.colcon_core.package_identification:_identify(figs) by extension 'colcon_pkg'
[0.183s] Level 1:colcon.colcon_core.package_identification:_identify(figs) by extensions ['colcon_meta']
[0.183s] Level 1:colcon.colcon_core.package_identification:_identify(figs) by extension 'colcon_meta'
[0.183s] Level 1:colcon.colcon_core.package_identification:_identify(figs) by extensions ['ros']
[0.183s] Level 1:colcon.colcon_core.package_identification:_identify(figs) by extension 'ros'
[0.183s] Level 1:colcon.colcon_core.package_identification:_identify(figs) by extensions ['cmake', 'python']
[0.183s] Level 1:colcon.colcon_core.package_identification:_identify(figs) by extension 'cmake'
[0.183s] Level 1:colcon.colcon_core.package_identification:_identify(figs) by extension 'python'
[0.183s] Level 1:colcon.colcon_core.package_identification:_identify(figs) by extensions ['python_setup_py']
[0.183s] Level 1:colcon.colcon_core.package_identification:_identify(figs) by extension 'python_setup_py'
[0.183s] Level 1:colcon.colcon_core.package_identification:_identify(install) by extensions ['ignore', 'ignore_ament_install']
[0.183s] Level 1:colcon.colcon_core.package_identification:_identify(install) by extension 'ignore'
[0.183s] Level 1:colcon.colcon_core.package_identification:_identify(install) ignored
[0.186s] Level 1:colcon.colcon_core.package_identification:_identify(log) by extensions ['ignore', 'ignore_ament_install']
[0.186s] Level 1:colcon.colcon_core.package_identification:_identify(log) by extension 'ignore'
[0.186s] Level 1:colcon.colcon_core.package_identification:_identify(log) ignored
[0.186s] Level 1:colcon.colcon_core.package_identification:_identify(ros_gz_app) by extensions ['ignore', 'ignore_ament_install']
[0.186s] Level 1:colcon.colcon_core.package_identification:_identify(ros_gz_app) by extension 'ignore'
[0.186s] Level 1:colcon.colcon_core.package_identification:_identify(ros_gz_app) by extension 'ignore_ament_install'
[0.186s] Level 1:colcon.colcon_core.package_identification:_identify(ros_gz_app) by extensions ['colcon_pkg']
[0.186s] Level 1:colcon.colcon_core.package_identification:_identify(ros_gz_app) by extension 'colcon_pkg'
[0.186s] Level 1:colcon.colcon_core.package_identification:_identify(ros_gz_app) by extensions ['colcon_meta']
[0.186s] Level 1:colcon.colcon_core.package_identification:_identify(ros_gz_app) by extension 'colcon_meta'
[0.186s] Level 1:colcon.colcon_core.package_identification:_identify(ros_gz_app) by extensions ['ros']
[0.186s] Level 1:colcon.colcon_core.package_identification:_identify(ros_gz_app) by extension 'ros'
[0.188s] DEBUG:colcon.colcon_core.package_identification:Package 'ros_gz_app' with type 'ros.ament_cmake' and name 'ros_gz_app'
[0.189s] Level 1:colcon.colcon_core.package_identification:_identify(ros_gz_bringup) by extensions ['ignore', 'ignore_ament_install']
[0.189s] Level 1:colcon.colcon_core.package_identification:_identify(ros_gz_bringup) by extension 'ignore'
[0.189s] Level 1:colcon.colcon_core.package_identification:_identify(ros_gz_bringup) by extension 'ignore_ament_install'
[0.189s] Level 1:colcon.colcon_core.package_identification:_identify(ros_gz_bringup) by extensions ['colcon_pkg']
[0.189s] Level 1:colcon.colcon_core.package_identification:_identify(ros_gz_bringup) by extension 'colcon_pkg'
[0.189s] Level 1:colcon.colcon_core.package_identification:_identify(ros_gz_bringup) by extensions ['colcon_meta']
[0.189s] Level 1:colcon.colcon_core.package_identification:_identify(ros_gz_bringup) by extension 'colcon_meta'
[0.189s] Level 1:colcon.colcon_core.package_identification:_identify(ros_gz_bringup) by extensions ['ros']
[0.189s] Level 1:colcon.colcon_core.package_identification:_identify(ros_gz_bringup) by extension 'ros'
[0.190s] DEBUG:colcon.colcon_core.package_identification:Package 'ros_gz_bringup' with type 'ros.ament_cmake' and name 'ros_gz_bringup'
[0.190s] Level 1:colcon.colcon_core.package_identification:_identify(ros_gz_description) by extensions ['ignore', 'ignore_ament_install']
[0.190s] Level 1:colcon.colcon_core.package_identification:_identify(ros_gz_description) by extension 'ignore'
[0.190s] Level 1:colcon.colcon_core.package_identification:_identify(ros_gz_description) by extension 'ignore_ament_install'
[0.190s] Level 1:colcon.colcon_core.package_identification:_identify(ros_gz_description) by extensions ['colcon_pkg']
[0.190s] Level 1:colcon.colcon_core.package_identification:_identify(ros_gz_description) by extension 'colcon_pkg'
[0.190s] Level 1:colcon.colcon_core.package_identification:_identify(ros_gz_description) by extensions ['colcon_meta']
[0.190s] Level 1:colcon.colcon_core.package_identification:_identify(ros_gz_description) by extension 'colcon_meta'
[0.190s] Level 1:colcon.colcon_core.package_identification:_identify(ros_gz_description) by extensions ['ros']
[0.190s] Level 1:colcon.colcon_core.package_identification:_identify(ros_gz_description) by extension 'ros'
[0.190s] DEBUG:colcon.colcon_core.package_identification:Package 'ros_gz_description' with type 'ros.ament_cmake' and name 'ros_gz_description'
[0.191s] Level 1:colcon.colcon_core.package_identification:_identify(ros_gz_gazebo) by extensions ['ignore', 'ignore_ament_install']
[0.191s] Level 1:colcon.colcon_core.package_identification:_identify(ros_gz_gazebo) by extension 'ignore'
[0.191s] Level 1:colcon.colcon_core.package_identification:_identify(ros_gz_gazebo) by extension 'ignore_ament_install'
[0.191s] Level 1:colcon.colcon_core.package_identification:_identify(ros_gz_gazebo) by extensions ['colcon_pkg']
[0.191s] Level 1:colcon.colcon_core.package_identification:_identify(ros_gz_gazebo) by extension 'colcon_pkg'
[0.191s] Level 1:colcon.colcon_core.package_identification:_identify(ros_gz_gazebo) by extensions ['colcon_meta']
[0.191s] Level 1:colcon.colcon_core.package_identification:_identify(ros_gz_gazebo) by extension 'colcon_meta'
[0.191s] Level 1:colcon.colcon_core.package_identification:_identify(ros_gz_gazebo) by extensions ['ros']
[0.191s] Level 1:colcon.colcon_core.package_identification:_identify(ros_gz_gazebo) by extension 'ros'
[0.192s] DEBUG:colcon.colcon_core.package_identification:Package 'ros_gz_gazebo' with type 'ros.ament_cmake' and name 'ros_gz_gazebo'
[0.192s] Level 1:colcon.colcon_core.package_identification:_identify(wall_ws) by extensions ['ignore', 'ignore_ament_install']
[0.192s] Level 1:colcon.colcon_core.package_identification:_identify(wall_ws) by extension 'ignore'
[0.192s] Level 1:colcon.colcon_core.package_identification:_identify(wall_ws) by extension 'ignore_ament_install'
[0.192s] Level 1:colcon.colcon_core.package_identification:_identify(wall_ws) by extensions ['colcon_pkg']
[0.192s] Level 1:colcon.colcon_core.package_identification:_identify(wall_ws) by extension 'colcon_pkg'
[0.192s] Level 1:colcon.colcon_core.package_identification:_identify(wall_ws) by extensions ['colcon_meta']
[0.192s] Level 1:colcon.colcon_core.package_identification:_identify(wall_ws) by extension 'colcon_meta'
[0.193s] Level 1:colcon.colcon_core.package_identification:_identify(wall_ws) by extensions ['ros']
[0.193s] Level 1:colcon.colcon_core.package_identification:_identify(wall_ws) by extension 'ros'
[0.193s] Level 1:colcon.colcon_core.package_identification:_identify(wall_ws) by extensions ['cmake', 'python']
[0.193s] Level 1:colcon.colcon_core.package_identification:_identify(wall_ws) by extension 'cmake'
[0.193s] Level 1:colcon.colcon_core.package_identification:_identify(wall_ws) by extension 'python'
[0.193s] Level 1:colcon.colcon_core.package_identification:_identify(wall_ws) by extensions ['python_setup_py']
[0.193s] Level 1:colcon.colcon_core.package_identification:_identify(wall_ws) by extension 'python_setup_py'
[0.193s] Level 1:colcon.colcon_core.package_identification:_identify(wall_ws/build) by extensions ['ignore', 'ignore_ament_install']
[0.193s] Level 1:colcon.colcon_core.package_identification:_identify(wall_ws/build) by extension 'ignore'
[0.193s] Level 1:colcon.colcon_core.package_identification:_identify(wall_ws/build) ignored
[0.194s] Level 1:colcon.colcon_core.package_identification:_identify(wall_ws/install) by extensions ['ignore', 'ignore_ament_install']
[0.194s] Level 1:colcon.colcon_core.package_identification:_identify(wall_ws/install) by extension 'ignore'
[0.194s] Level 1:colcon.colcon_core.package_identification:_identify(wall_ws/install) ignored
[0.194s] Level 1:colcon.colcon_core.package_identification:_identify(wall_ws/log) by extensions ['ignore', 'ignore_ament_install']
[0.194s] Level 1:colcon.colcon_core.package_identification:_identify(wall_ws/log) by extension 'ignore'
[0.194s] Level 1:colcon.colcon_core.package_identification:_identify(wall_ws/log) ignored
[0.194s] Level 1:colcon.colcon_core.package_identification:_identify(wall_ws/src) by extensions ['ignore', 'ignore_ament_install']
[0.194s] Level 1:colcon.colcon_core.package_identification:_identify(wall_ws/src) by extension 'ignore'
[0.195s] Level 1:colcon.colcon_core.package_identification:_identify(wall_ws/src) by extension 'ignore_ament_install'
[0.195s] Level 1:colcon.colcon_core.package_identification:_identify(wall_ws/src) by extensions ['colcon_pkg']
[0.195s] Level 1:colcon.colcon_core.package_identification:_identify(wall_ws/src) by extension 'colcon_pkg'
[0.195s] Level 1:colcon.colcon_core.package_identification:_identify(wall_ws/src) by extensions ['colcon_meta']
[0.195s] Level 1:colcon.colcon_core.package_identification:_identify(wall_ws/src) by extension 'colcon_meta'
[0.195s] Level 1:colcon.colcon_core.package_identification:_identify(wall_ws/src) by extensions ['ros']
[0.195s] Level 1:colcon.colcon_core.package_identification:_identify(wall_ws/src) by extension 'ros'
[0.195s] Level 1:colcon.colcon_core.package_identification:_identify(wall_ws/src) by extensions ['cmake', 'python']
[0.195s] Level 1:colcon.colcon_core.package_identification:_identify(wall_ws/src) by extension 'cmake'
[0.195s] Level 1:colcon.colcon_core.package_identification:_identify(wall_ws/src) by extension 'python'
[0.195s] Level 1:colcon.colcon_core.package_identification:_identify(wall_ws/src) by extensions ['python_setup_py']
[0.195s] Level 1:colcon.colcon_core.package_identification:_identify(wall_ws/src) by extension 'python_setup_py'
[0.195s] Level 1:colcon.colcon_core.package_identification:_identify(wall_ws/src/wall_follow_pub) by extensions ['ignore', 'ignore_ament_install']
[0.196s] Level 1:colcon.colcon_core.package_identification:_identify(wall_ws/src/wall_follow_pub) by extension 'ignore'
[0.196s] Level 1:colcon.colcon_core.package_identification:_identify(wall_ws/src/wall_follow_pub) by extension 'ignore_ament_install'
[0.196s] Level 1:colcon.colcon_core.package_identification:_identify(wall_ws/src/wall_follow_pub) by extensions ['colcon_pkg']
[0.196s] Level 1:colcon.colcon_core.package_identification:_identify(wall_ws/src/wall_follow_pub) by extension 'colcon_pkg'
[0.196s] Level 1:colcon.colcon_core.package_identification:_identify(wall_ws/src/wall_follow_pub) by extensions ['colcon_meta']
[0.196s] Level 1:colcon.colcon_core.package_identification:_identify(wall_ws/src/wall_follow_pub) by extension 'colcon_meta'
[0.196s] Level 1:colcon.colcon_core.package_identification:_identify(wall_ws/src/wall_follow_pub) by extensions ['ros']
[0.196s] Level 1:colcon.colcon_core.package_identification:_identify(wall_ws/src/wall_follow_pub) by extension 'ros'
[0.197s] DEBUG:colcon.colcon_core.package_identification:Package 'wall_ws/src/wall_follow_pub' with type 'ros.ament_python' and name 'wall_follow_pub'
[0.197s] Level 1:colcon.colcon_core.package_discovery:discover_packages(recursive) using defaults
[0.197s] Level 1:colcon.colcon_core.package_discovery:discover_packages(ignore) discover
[0.197s] Level 1:colcon.colcon_core.package_discovery:discover_packages(ignore) using defaults
[0.197s] Level 1:colcon.colcon_core.package_discovery:discover_packages(path) discover
[0.197s] Level 1:colcon.colcon_core.package_discovery:discover_packages(path) using defaults
[0.214s] Level 1:colcon.colcon_core.package_discovery:discover_packages(prefix_path) check parameters
[0.214s] Level 1:colcon.colcon_core.package_discovery:discover_packages(prefix_path) discover
[0.219s] DEBUG:colcon.colcon_installed_package_information.package_discovery:Found 5 installed packages in /home/batesr6/robotics/lab2/ros-lab-2/install
[0.220s] DEBUG:colcon.colcon_installed_package_information.package_discovery:Found 317 installed packages in /opt/ros/jazzy
[0.221s] Level 1:colcon.colcon_core.package_discovery:discover_packages(prefix_path) using defaults
[0.267s] Level 5:colcon.colcon_core.verb:set package 'ros_gz_app' build argument 'cmake_args' from command line to 'None'
[0.267s] Level 5:colcon.colcon_core.verb:set package 'ros_gz_app' build argument 'cmake_target' from command line to 'None'
[0.267s] Level 5:colcon.colcon_core.verb:set package 'ros_gz_app' build argument 'cmake_target_skip_unavailable' from command line to 'False'
[0.267s] Level 5:colcon.colcon_core.verb:set package 'ros_gz_app' build argument 'cmake_clean_cache' from command line to 'False'
[0.267s] Level 5:colcon.colcon_core.verb:set package 'ros_gz_app' build argument 'cmake_clean_first' from command line to 'False'
[0.268s] Level 5:colcon.colcon_core.verb:set package 'ros_gz_app' build argument 'cmake_force_configure' from command line to 'False'
[0.268s] Level 5:colcon.colcon_core.verb:set package 'ros_gz_app' build argument 'ament_cmake_args' from command line to 'None'
[0.268s] Level 5:colcon.colcon_core.verb:set package 'ros_gz_app' build argument 'catkin_cmake_args' from command line to 'None'
[0.268s] Level 5:colcon.colcon_core.verb:set package 'ros_gz_app' build argument 'catkin_skip_building_tests' from command line to 'False'
[0.268s] DEBUG:colcon.colcon_core.verb:Building package 'ros_gz_app' with the following arguments: {'ament_cmake_args': None, 'build_base': '/home/batesr6/robotics/lab2/ros-lab-2/build/ros_gz_app', 'catkin_cmake_args': None, 'catkin_skip_building_tests': False, 'cmake_args': None, 'cmake_clean_cache': False, 'cmake_clean_first': False, 'cmake_force_configure': False, 'cmake_target': None, 'cmake_target_skip_unavailable': False, 'install_base': '/home/batesr6/robotics/lab2/ros-lab-2/install/ros_gz_app', 'merge_install': False, 'path': '/home/batesr6/robotics/lab2/ros-lab-2/ros_gz_app', 'symlink_install': False, 'test_result_base': None}
[0.268s] Level 5:colcon.colcon_core.verb:set package 'ros_gz_description' build argument 'cmake_args' from command line to 'None'
[0.268s] Level 5:colcon.colcon_core.verb:set package 'ros_gz_description' build argument 'cmake_target' from command line to 'None'
[0.268s] Level 5:colcon.colcon_core.verb:set package 'ros_gz_description' build argument 'cmake_target_skip_unavailable' from command line to 'False'
[0.268s] Level 5:colcon.colcon_core.verb:set package 'ros_gz_description' build argument 'cmake_clean_cache' from command line to 'False'
[0.268s] Level 5:colcon.colcon_core.verb:set package 'ros_gz_description' build argument 'cmake_clean_first' from command line to 'False'
[0.268s] Level 5:colcon.colcon_core.verb:set package 'ros_gz_description' build argument 'cmake_force_configure' from command line to 'False'
[0.268s] Level 5:colcon.colcon_core.verb:set package 'ros_gz_description' build argument 'ament_cmake_args' from command line to 'None'
[0.268s] Level 5:colcon.colcon_core.verb:set package 'ros_gz_description' build argument 'catkin_cmake_args' from command line to 'None'
[0.268s] Level 5:colcon.colcon_core.verb:set package 'ros_gz_description' build argument 'catkin_skip_building_tests' from command line to 'False'
[0.268s] DEBUG:colcon.colcon_core.verb:Building package 'ros_gz_description' with the following arguments: {'ament_cmake_args': None, 'build_base': '/home/batesr6/robotics/lab2/ros-lab-2/build/ros_gz_description', 'catkin_cmake_args': None, 'catkin_skip_building_tests': False, 'cmake_args': None, 'cmake_clean_cache': False, 'cmake_clean_first': False, 'cmake_force_configure': False, 'cmake_target': None, 'cmake_target_skip_unavailable': False, 'install_base': '/home/batesr6/robotics/lab2/ros-lab-2/install/ros_gz_description', 'merge_install': False, 'path': '/home/batesr6/robotics/lab2/ros-lab-2/ros_gz_description', 'symlink_install': False, 'test_result_base': None}
[0.268s] Level 5:colcon.colcon_core.verb:set package 'wall_follow_pub' build argument 'cmake_args' from command line to 'None'
[0.268s] Level 5:colcon.colcon_core.verb:set package 'wall_follow_pub' build argument 'cmake_target' from command line to 'None'
[0.268s] Level 5:colcon.colcon_core.verb:set package 'wall_follow_pub' build argument 'cmake_target_skip_unavailable' from command line to 'False'
[0.268s] Level 5:colcon.colcon_core.verb:set package 'wall_follow_pub' build argument 'cmake_clean_cache' from command line to 'False'
[0.268s] Level 5:colcon.colcon_core.verb:set package 'wall_follow_pub' build argument 'cmake_clean_first' from command line to 'False'
[0.268s] Level 5:colcon.colcon_core.verb:set package 'wall_follow_pub' build argument 'cmake_force_configure' from command line to 'False'
[0.268s] Level 5:colcon.colcon_core.verb:set package 'wall_follow_pub' build argument 'ament_cmake_args' from command line to 'None'
[0.268s] Level 5:colcon.colcon_core.verb:set package 'wall_follow_pub' build argument 'catkin_cmake_args' from command line to 'None'
[0.268s] Level 5:colcon.colcon_core.verb:set package 'wall_follow_pub' build argument 'catkin_skip_building_tests' from command line to 'False'
[0.268s] DEBUG:colcon.colcon_core.verb:Building package 'wall_follow_pub' with the following arguments: {'ament_cmake_args': None, 'build_base': '/home/batesr6/robotics/lab2/ros-lab-2/build/wall_follow_pub', 'catkin_cmake_args': None, 'catkin_skip_building_tests': False, 'cmake_args': None, 'cmake_clean_cache': False, 'cmake_clean_first': False, 'cmake_force_configure': False, 'cmake_target': None, 'cmake_target_skip_unavailable': False, 'install_base': '/home/batesr6/robotics/lab2/ros-lab-2/install/wall_follow_pub', 'merge_install': False, 'path': '/home/batesr6/robotics/lab2/ros-lab-2/wall_ws/src/wall_follow_pub', 'symlink_install': False, 'test_result_base': None}
[0.268s] Level 5:colcon.colcon_core.verb:set package 'ros_gz_gazebo' build argument 'cmake_args' from command line to 'None'
[0.268s] Level 5:colcon.colcon_core.verb:set package 'ros_gz_gazebo' build argument 'cmake_target' from command line to 'None'
[0.268s] Level 5:colcon.colcon_core.verb:set package 'ros_gz_gazebo' build argument 'cmake_target_skip_unavailable' from command line to 'False'
[0.268s] Level 5:colcon.colcon_core.verb:set package 'ros_gz_gazebo' build argument 'cmake_clean_cache' from command line to 'False'
[0.268s] Level 5:colcon.colcon_core.verb:set package 'ros_gz_gazebo' build argument 'cmake_clean_first' from command line to 'False'
[0.268s] Level 5:colcon.colcon_core.verb:set package 'ros_gz_gazebo' build argument 'cmake_force_configure' from command line to 'False'
[0.268s] Level 5:colcon.colcon_core.verb:set package 'ros_gz_gazebo' build argument 'ament_cmake_args' from command line to 'None'
[0.268s] Level 5:colcon.colcon_core.verb:set package 'ros_gz_gazebo' build argument 'catkin_cmake_args' from command line to 'None'
[0.268s] Level 5:colcon.colcon_core.verb:set package 'ros_gz_gazebo' build argument 'catkin_skip_building_tests' from command line to 'False'
[0.268s] DEBUG:colcon.colcon_core.verb:Building package 'ros_gz_gazebo' with the following arguments: {'ament_cmake_args': None, 'build_base': '/home/batesr6/robotics/lab2/ros-lab-2/build/ros_gz_gazebo', 'catkin_cmake_args': None, 'catkin_skip_building_tests': False, 'cmake_args': None, 'cmake_clean_cache': False, 'cmake_clean_first': False, 'cmake_force_configure': False, 'cmake_target': None, 'cmake_target_skip_unavailable': False, 'install_base': '/home/batesr6/robotics/lab2/ros-lab-2/install/ros_gz_gazebo', 'merge_install': False, 'path': '/home/batesr6/robotics/lab2/ros-lab-2/ros_gz_gazebo', 'symlink_install': False, 'test_result_base': None}
[0.269s] Level 5:colcon.colcon_core.verb:set package 'ros_gz_bringup' build argument 'cmake_args' from command line to 'None'
[0.269s] Level 5:colcon.colcon_core.verb:set package 'ros_gz_bringup' build argument 'cmake_target' from command line to 'None'
[0.269s] Level 5:colcon.colcon_core.verb:set package 'ros_gz_bringup' build argument 'cmake_target_skip_unavailable' from command line to 'False'
[0.269s] Level 5:colcon.colcon_core.verb:set package 'ros_gz_bringup' build argument 'cmake_clean_cache' from command line to 'False'
[0.269s] Level 5:colcon.colcon_core.verb:set package 'ros_gz_bringup' build argument 'cmake_clean_first' from command line to 'False'
[0.269s] Level 5:colcon.colcon_core.verb:set package 'ros_gz_bringup' build argument 'cmake_force_configure' from command line to 'False'
[0.269s] Level 5:colcon.colcon_core.verb:set package 'ros_gz_bringup' build argument 'ament_cmake_args' from command line to 'None'
[0.269s] Level 5:colcon.colcon_core.verb:set package 'ros_gz_bringup' build argument 'catkin_cmake_args' from command line to 'None'
[0.269s] Level 5:colcon.colcon_core.verb:set package 'ros_gz_bringup' build argument 'catkin_skip_building_tests' from command line to 'False'
[0.269s] DEBUG:colcon.colcon_core.verb:Building package 'ros_gz_bringup' with the following arguments: {'ament_cmake_args': None, 'build_base': '/home/batesr6/robotics/lab2/ros-lab-2/build/ros_gz_bringup', 'catkin_cmake_args': None, 'catkin_skip_building_tests': False, 'cmake_args': None, 'cmake_clean_cache': False, 'cmake_clean_first': False, 'cmake_force_configure': False, 'cmake_target': None, 'cmake_target_skip_unavailable': False, 'install_base': '/home/batesr6/robotics/lab2/ros-lab-2/install/ros_gz_bringup', 'merge_install': False, 'path': '/home/batesr6/robotics/lab2/ros-lab-2/ros_gz_bringup', 'symlink_install': False, 'test_result_base': None}
[0.269s] INFO:colcon.colcon_core.executor:Executing jobs using 'parallel' executor
[0.269s] DEBUG:colcon.colcon_parallel_executor.executor.parallel:run_until_complete
[0.270s] INFO:colcon.colcon_ros.task.ament_cmake.build:Building ROS package in '/home/batesr6/robotics/lab2/ros-lab-2/ros_gz_description' with build type 'ament_cmake'
[0.270s] INFO:colcon.colcon_cmake.task.cmake.build:Building CMake package in '/home/batesr6/robotics/lab2/ros-lab-2/ros_gz_description'
[0.271s] INFO:colcon.colcon_core.plugin_system:Skipping extension 'colcon_core.shell.bat': Not used on non-Windows systems
[0.271s] INFO:colcon.colcon_core.shell:Skip shell extension 'powershell' for command environment: Not usable outside of PowerShell
[0.272s] DEBUG:colcon.colcon_core.shell:Skip shell extension 'dsv' for command environment
[0.282s] INFO:colcon.colcon_ros.task.ament_cmake.build:Building ROS package in '/home/batesr6/robotics/lab2/ros-lab-2/ros_gz_app' with build type 'ament_cmake'
[0.282s] INFO:colcon.colcon_cmake.task.cmake.build:Building CMake package in '/home/batesr6/robotics/lab2/ros-lab-2/ros_gz_app'
[0.282s] INFO:colcon.colcon_core.shell:Skip shell extension 'powershell' for command environment: Not usable outside of PowerShell
[0.282s] DEBUG:colcon.colcon_core.shell:Skip shell extension 'dsv' for command environment
[0.291s] INFO:colcon.colcon_ros.task.ament_python.build:Building ROS package in '/home/batesr6/robotics/lab2/ros-lab-2/wall_ws/src/wall_follow_pub' with build type 'ament_python'
[0.291s] Level 1:colcon.colcon_core.shell:create_environment_hook('wall_follow_pub', 'ament_prefix_path')
[0.291s] INFO:colcon.colcon_core.shell:Creating environment hook '/home/batesr6/robotics/lab2/ros-lab-2/install/wall_follow_pub/share/wall_follow_pub/hook/ament_prefix_path.ps1'
[0.293s] INFO:colcon.colcon_core.shell:Creating environment descriptor '/home/batesr6/robotics/lab2/ros-lab-2/install/wall_follow_pub/share/wall_follow_pub/hook/ament_prefix_path.dsv'
[0.296s] INFO:colcon.colcon_core.shell:Creating environment hook '/home/batesr6/robotics/lab2/ros-lab-2/install/wall_follow_pub/share/wall_follow_pub/hook/ament_prefix_path.sh'
[0.300s] INFO:colcon.colcon_core.shell:Skip shell extension 'powershell' for command environment: Not usable outside of PowerShell
[0.300s] DEBUG:colcon.colcon_core.shell:Skip shell extension 'dsv' for command environment
[0.321s] DEBUG:colcon.colcon_core.event_handler.log_command:Invoking command in '/home/batesr6/robotics/lab2/ros-lab-2/build/ros_gz_description': CMAKE_PREFIX_PATH=${CMAKE_PREFIX_PATH}:/home/batesr6/robotics/lab2/ros-lab-2/install/wall_follow_pub:/opt/ros/jazzy PS1=<ROS2-Jazzy>[\u@\h \W]$ /usr/bin/cmake --build /home/batesr6/robotics/lab2/ros-lab-2/build/ros_gz_description -- -j16 -l16
[0.328s] DEBUG:colcon.colcon_core.event_handler.log_command:Invoking command in '/home/batesr6/robotics/lab2/ros-lab-2/build/ros_gz_app': CMAKE_PREFIX_PATH=${CMAKE_PREFIX_PATH}:/home/batesr6/robotics/lab2/ros-lab-2/install/wall_follow_pub:/opt/ros/jazzy PS1=<ROS2-Jazzy>[\u@\h \W]$ /usr/bin/cmake --build /home/batesr6/robotics/lab2/ros-lab-2/build/ros_gz_app -- -j16 -l16
[0.557s] INFO:colcon.colcon_core.task.python.build:Building Python package in '/home/batesr6/robotics/lab2/ros-lab-2/wall_ws/src/wall_follow_pub'
[0.557s] INFO:colcon.colcon_core.shell:Skip shell extension 'powershell' for command environment: Not usable outside of PowerShell
[0.557s] DEBUG:colcon.colcon_core.shell:Skip shell extension 'dsv' for command environment
[0.569s] DEBUG:colcon.colcon_core.event_handler.log_command:Invoked command in '/home/batesr6/robotics/lab2/ros-lab-2/build/ros_gz_description' returned '0': CMAKE_PREFIX_PATH=${CMAKE_PREFIX_PATH}:/home/batesr6/robotics/lab2/ros-lab-2/install/wall_follow_pub:/opt/ros/jazzy PS1=<ROS2-Jazzy>[\u@\h \W]$ /usr/bin/cmake --build /home/batesr6/robotics/lab2/ros-lab-2/build/ros_gz_description -- -j16 -l16
[0.584s] DEBUG:colcon.colcon_core.event_handler.log_command:Invoking command in '/home/batesr6/robotics/lab2/ros-lab-2/build/ros_gz_description': CMAKE_PREFIX_PATH=${CMAKE_PREFIX_PATH}:/home/batesr6/robotics/lab2/ros-lab-2/install/wall_follow_pub:/opt/ros/jazzy PS1=<ROS2-Jazzy>[\u@\h \W]$ /usr/bin/cmake --install /home/batesr6/robotics/lab2/ros-lab-2/build/ros_gz_description
[0.586s] DEBUG:colcon.colcon_core.event_handler.log_command:Invoked command in '/home/batesr6/robotics/lab2/ros-lab-2/build/ros_gz_app' returned '0': CMAKE_PREFIX_PATH=${CMAKE_PREFIX_PATH}:/home/batesr6/robotics/lab2/ros-lab-2/install/wall_follow_pub:/opt/ros/jazzy PS1=<ROS2-Jazzy>[\u@\h \W]$ /usr/bin/cmake --build /home/batesr6/robotics/lab2/ros-lab-2/build/ros_gz_app -- -j16 -l16
[0.587s] DEBUG:colcon.colcon_core.event_handler.log_command:Invoking command in '/home/batesr6/robotics/lab2/ros-lab-2/build/ros_gz_app': CMAKE_PREFIX_PATH=${CMAKE_PREFIX_PATH}:/home/batesr6/robotics/lab2/ros-lab-2/install/wall_follow_pub:/opt/ros/jazzy PS1=<ROS2-Jazzy>[\u@\h \W]$ /usr/bin/cmake --install /home/batesr6/robotics/lab2/ros-lab-2/build/ros_gz_app
[0.618s] Level 1:colcon.colcon_core.environment:create_environment_scripts_only(ros_gz_app)
[0.619s] DEBUG:colcon.colcon_core.event_handler.log_command:Invoked command in '/home/batesr6/robotics/lab2/ros-lab-2/build/ros_gz_app' returned '0': CMAKE_PREFIX_PATH=${CMAKE_PREFIX_PATH}:/home/batesr6/robotics/lab2/ros-lab-2/install/wall_follow_pub:/opt/ros/jazzy PS1=<ROS2-Jazzy>[\u@\h \W]$ /usr/bin/cmake --install /home/batesr6/robotics/lab2/ros-lab-2/build/ros_gz_app
[0.621s] Level 1:colcon.colcon_core.environment:checking '/home/batesr6/robotics/lab2/ros-lab-2/install/ros_gz_app' for CMake module files
[0.622s] Level 1:colcon.colcon_core.environment:checking '/home/batesr6/robotics/lab2/ros-lab-2/install/ros_gz_app' for CMake config files
[0.625s] Level 1:colcon.colcon_core.shell:create_environment_hook('ros_gz_app', 'cmake_prefix_path')
[0.626s] INFO:colcon.colcon_core.shell:Creating environment hook '/home/batesr6/robotics/lab2/ros-lab-2/install/ros_gz_app/share/ros_gz_app/hook/cmake_prefix_path.ps1'
[0.629s] INFO:colcon.colcon_core.shell:Creating environment descriptor '/home/batesr6/robotics/lab2/ros-lab-2/install/ros_gz_app/share/ros_gz_app/hook/cmake_prefix_path.dsv'
[0.633s] INFO:colcon.colcon_core.shell:Creating environment hook '/home/batesr6/robotics/lab2/ros-lab-2/install/ros_gz_app/share/ros_gz_app/hook/cmake_prefix_path.sh'
[0.636s] Level 1:colcon.colcon_core.environment:checking '/home/batesr6/robotics/lab2/ros-lab-2/install/ros_gz_app/bin'
[0.636s] Level 1:colcon.colcon_core.environment:checking '/home/batesr6/robotics/lab2/ros-lab-2/install/ros_gz_app/lib/pkgconfig/ros_gz_app.pc'
[0.636s] Level 1:colcon.colcon_core.environment:checking '/home/batesr6/robotics/lab2/ros-lab-2/install/ros_gz_app/lib/python3.12/site-packages'
[0.636s] Level 1:colcon.colcon_core.environment:checking '/home/batesr6/robotics/lab2/ros-lab-2/install/ros_gz_app/bin'
[0.637s] INFO:colcon.colcon_core.shell:Creating package script '/home/batesr6/robotics/lab2/ros-lab-2/install/ros_gz_app/share/ros_gz_app/package.ps1'
[0.640s] INFO:colcon.colcon_core.shell:Creating package descriptor '/home/batesr6/robotics/lab2/ros-lab-2/install/ros_gz_app/share/ros_gz_app/package.dsv'
[0.642s] INFO:colcon.colcon_core.shell:Creating package script '/home/batesr6/robotics/lab2/ros-lab-2/install/ros_gz_app/share/ros_gz_app/package.sh'
[0.646s] INFO:colcon.colcon_core.shell:Creating package script '/home/batesr6/robotics/lab2/ros-lab-2/install/ros_gz_app/share/ros_gz_app/package.bash'
[0.649s] INFO:colcon.colcon_core.shell:Creating package script '/home/batesr6/robotics/lab2/ros-lab-2/install/ros_gz_app/share/ros_gz_app/package.zsh'
[0.652s] Level 1:colcon.colcon_core.environment:create_file_with_runtime_dependencies(/home/batesr6/robotics/lab2/ros-lab-2/install/ros_gz_app/share/colcon-core/packages/ros_gz_app)
[0.653s] Level 1:colcon.colcon_core.environment:create_environment_scripts_only(ros_gz_app)
[0.653s] Level 1:colcon.colcon_core.environment:checking '/home/batesr6/robotics/lab2/ros-lab-2/install/ros_gz_app' for CMake module files
[0.654s] Level 1:colcon.colcon_core.environment:checking '/home/batesr6/robotics/lab2/ros-lab-2/install/ros_gz_app' for CMake config files
[0.657s] Level 1:colcon.colcon_core.shell:create_environment_hook('ros_gz_app', 'cmake_prefix_path')
[0.657s] INFO:colcon.colcon_core.shell:Creating environment hook '/home/batesr6/robotics/lab2/ros-lab-2/install/ros_gz_app/share/ros_gz_app/hook/cmake_prefix_path.ps1'
[0.660s] INFO:colcon.colcon_core.shell:Creating environment descriptor '/home/batesr6/robotics/lab2/ros-lab-2/install/ros_gz_app/share/ros_gz_app/hook/cmake_prefix_path.dsv'
[0.663s] INFO:colcon.colcon_core.shell:Creating environment hook '/home/batesr6/robotics/lab2/ros-lab-2/install/ros_gz_app/share/ros_gz_app/hook/cmake_prefix_path.sh'
[0.667s] Level 1:colcon.colcon_core.environment:checking '/home/batesr6/robotics/lab2/ros-lab-2/install/ros_gz_app/bin'
[0.667s] Level 1:colcon.colcon_core.environment:checking '/home/batesr6/robotics/lab2/ros-lab-2/install/ros_gz_app/lib/pkgconfig/ros_gz_app.pc'
[0.667s] Level 1:colcon.colcon_core.environment:checking '/home/batesr6/robotics/lab2/ros-lab-2/install/ros_gz_app/lib/python3.12/site-packages'
[0.667s] Level 1:colcon.colcon_core.environment:checking '/home/batesr6/robotics/lab2/ros-lab-2/install/ros_gz_app/bin'
[0.668s] INFO:colcon.colcon_core.shell:Creating package script '/home/batesr6/robotics/lab2/ros-lab-2/install/ros_gz_app/share/ros_gz_app/package.ps1'
[0.670s] INFO:colcon.colcon_core.shell:Creating package descriptor '/home/batesr6/robotics/lab2/ros-lab-2/install/ros_gz_app/share/ros_gz_app/package.dsv'
[0.672s] INFO:colcon.colcon_core.shell:Creating package script '/home/batesr6/robotics/lab2/ros-lab-2/install/ros_gz_app/share/ros_gz_app/package.sh'
[0.675s] INFO:colcon.colcon_core.shell:Creating package script '/home/batesr6/robotics/lab2/ros-lab-2/install/ros_gz_app/share/ros_gz_app/package.bash'
[0.678s] INFO:colcon.colcon_core.shell:Creating package script '/home/batesr6/robotics/lab2/ros-lab-2/install/ros_gz_app/share/ros_gz_app/package.zsh'
[0.681s] Level 1:colcon.colcon_core.environment:create_file_with_runtime_dependencies(/home/batesr6/robotics/lab2/ros-lab-2/install/ros_gz_app/share/colcon-core/packages/ros_gz_app)
[0.682s] Level 1:colcon.colcon_core.environment:create_environment_scripts_only(ros_gz_description)
[0.682s] Level 1:colcon.colcon_core.environment:checking '/home/batesr6/robotics/lab2/ros-lab-2/install/ros_gz_description' for CMake module files
[0.683s] Level 1:colcon.colcon_core.environment:checking '/home/batesr6/robotics/lab2/ros-lab-2/install/ros_gz_description' for CMake config files
[0.687s] Level 1:colcon.colcon_core.shell:create_environment_hook('ros_gz_description', 'cmake_prefix_path')
[0.687s] INFO:colcon.colcon_core.shell:Creating environment hook '/home/batesr6/robotics/lab2/ros-lab-2/install/ros_gz_description/share/ros_gz_description/hook/cmake_prefix_path.ps1'
[0.687s] DEBUG:colcon.colcon_core.event_handler.log_command:Invoked command in '/home/batesr6/robotics/lab2/ros-lab-2/build/ros_gz_description' returned '0': CMAKE_PREFIX_PATH=${CMAKE_PREFIX_PATH}:/home/batesr6/robotics/lab2/ros-lab-2/install/wall_follow_pub:/opt/ros/jazzy PS1=<ROS2-Jazzy>[\u@\h \W]$ /usr/bin/cmake --install /home/batesr6/robotics/lab2/ros-lab-2/build/ros_gz_description
[0.689s] INFO:colcon.colcon_core.shell:Creating environment descriptor '/home/batesr6/robotics/lab2/ros-lab-2/install/ros_gz_description/share/ros_gz_description/hook/cmake_prefix_path.dsv'
[0.691s] INFO:colcon.colcon_core.shell:Creating environment hook '/home/batesr6/robotics/lab2/ros-lab-2/install/ros_gz_description/share/ros_gz_description/hook/cmake_prefix_path.sh'
[0.694s] Level 1:colcon.colcon_core.environment:checking '/home/batesr6/robotics/lab2/ros-lab-2/install/ros_gz_description/bin'
[0.694s] Level 1:colcon.colcon_core.environment:checking '/home/batesr6/robotics/lab2/ros-lab-2/install/ros_gz_description/lib/pkgconfig/ros_gz_description.pc'
[0.694s] Level 1:colcon.colcon_core.environment:checking '/home/batesr6/robotics/lab2/ros-lab-2/install/ros_gz_description/lib/python3.12/site-packages'
[0.695s] Level 1:colcon.colcon_core.environment:checking '/home/batesr6/robotics/lab2/ros-lab-2/install/ros_gz_description/bin'
[0.695s] INFO:colcon.colcon_core.shell:Creating package script '/home/batesr6/robotics/lab2/ros-lab-2/install/ros_gz_description/share/ros_gz_description/package.ps1'
[0.698s] INFO:colcon.colcon_core.shell:Creating package descriptor '/home/batesr6/robotics/lab2/ros-lab-2/install/ros_gz_description/share/ros_gz_description/package.dsv'
[0.701s] INFO:colcon.colcon_core.shell:Creating package script '/home/batesr6/robotics/lab2/ros-lab-2/install/ros_gz_description/share/ros_gz_description/package.sh'
[0.704s] INFO:colcon.colcon_core.shell:Creating package script '/home/batesr6/robotics/lab2/ros-lab-2/install/ros_gz_description/share/ros_gz_description/package.bash'
[0.706s] INFO:colcon.colcon_core.shell:Creating package script '/home/batesr6/robotics/lab2/ros-lab-2/install/ros_gz_description/share/ros_gz_description/package.zsh'
[0.708s] Level 1:colcon.colcon_core.environment:create_file_with_runtime_dependencies(/home/batesr6/robotics/lab2/ros-lab-2/install/ros_gz_description/share/colcon-core/packages/ros_gz_description)
[0.710s] Level 1:colcon.colcon_core.environment:create_environment_scripts_only(ros_gz_description)
[0.710s] Level 1:colcon.colcon_core.environment:checking '/home/batesr6/robotics/lab2/ros-lab-2/install/ros_gz_description' for CMake module files
[0.711s] Level 1:colcon.colcon_core.environment:checking '/home/batesr6/robotics/lab2/ros-lab-2/install/ros_gz_description' for CMake config files
[0.714s] Level 1:colcon.colcon_core.shell:create_environment_hook('ros_gz_description', 'cmake_prefix_path')
[0.714s] INFO:colcon.colcon_core.shell:Creating environment hook '/home/batesr6/robotics/lab2/ros-lab-2/install/ros_gz_description/share/ros_gz_description/hook/cmake_prefix_path.ps1'
[0.716s] INFO:colcon.colcon_core.shell:Creating environment descriptor '/home/batesr6/robotics/lab2/ros-lab-2/install/ros_gz_description/share/ros_gz_description/hook/cmake_prefix_path.dsv'
[0.719s] INFO:colcon.colcon_core.shell:Creating environment hook '/home/batesr6/robotics/lab2/ros-lab-2/install/ros_gz_description/share/ros_gz_description/hook/cmake_prefix_path.sh'
[0.721s] Level 1:colcon.colcon_core.environment:checking '/home/batesr6/robotics/lab2/ros-lab-2/install/ros_gz_description/bin'
[0.721s] Level 1:colcon.colcon_core.environment:checking '/home/batesr6/robotics/lab2/ros-lab-2/install/ros_gz_description/lib/pkgconfig/ros_gz_description.pc'
[0.721s] Level 1:colcon.colcon_core.environment:checking '/home/batesr6/robotics/lab2/ros-lab-2/install/ros_gz_description/lib/python3.12/site-packages'
[0.722s] Level 1:colcon.colcon_core.environment:checking '/home/batesr6/robotics/lab2/ros-lab-2/install/ros_gz_description/bin'
[0.722s] INFO:colcon.colcon_core.shell:Creating package script '/home/batesr6/robotics/lab2/ros-lab-2/install/ros_gz_description/share/ros_gz_description/package.ps1'
[0.724s] INFO:colcon.colcon_core.shell:Creating package descriptor '/home/batesr6/robotics/lab2/ros-lab-2/install/ros_gz_description/share/ros_gz_description/package.dsv'
[0.726s] INFO:colcon.colcon_core.shell:Creating package script '/home/batesr6/robotics/lab2/ros-lab-2/install/ros_gz_description/share/ros_gz_description/package.sh'
[0.729s] INFO:colcon.colcon_core.shell:Creating package script '/home/batesr6/robotics/lab2/ros-lab-2/install/ros_gz_description/share/ros_gz_description/package.bash'
[0.732s] INFO:colcon.colcon_core.shell:Creating package script '/home/batesr6/robotics/lab2/ros-lab-2/install/ros_gz_description/share/ros_gz_description/package.zsh'
[0.734s] Level 1:colcon.colcon_core.environment:create_file_with_runtime_dependencies(/home/batesr6/robotics/lab2/ros-lab-2/install/ros_gz_description/share/colcon-core/packages/ros_gz_description)
[0.735s] INFO:colcon.colcon_ros.task.ament_cmake.build:Building ROS package in '/home/batesr6/robotics/lab2/ros-lab-2/ros_gz_gazebo' with build type 'ament_cmake'
[0.735s] INFO:colcon.colcon_cmake.task.cmake.build:Building CMake package in '/home/batesr6/robotics/lab2/ros-lab-2/ros_gz_gazebo'
[0.735s] INFO:colcon.colcon_core.shell:Skip shell extension 'powershell' for command environment: Not usable outside of PowerShell
[0.735s] DEBUG:colcon.colcon_core.shell:Skip shell extension 'dsv' for command environment
[0.759s] DEBUG:colcon.colcon_core.event_handler.log_command:Invoking command in '/home/batesr6/robotics/lab2/ros-lab-2/build/ros_gz_gazebo': CMAKE_PREFIX_PATH=/home/batesr6/robotics/lab2/ros-lab-2/install/ros_gz_description:/home/batesr6/robotics/lab2/ros-lab-2/install/ros_gz_bringup:/home/batesr6/robotics/lab2/ros-lab-2/install/ros_gz_gazebo:/home/batesr6/robotics/lab2/ros-lab-2/install/ros_gz_app:/opt/ros/jazzy/opt/gz_sim_vendor:/opt/ros/jazzy/opt/gz_sensors_vendor:/opt/ros/jazzy/opt/gz_physics_vendor:/opt/ros/jazzy/opt/sdformat_vendor:/opt/ros/jazzy/opt/gz_gui_vendor:/opt/ros/jazzy/opt/gz_transport_vendor:/opt/ros/jazzy/opt/gz_rendering_vendor:/opt/ros/jazzy/opt/gz_plugin_vendor:/opt/ros/jazzy/opt/gz_fuel_tools_vendor:/opt/ros/jazzy/opt/gz_msgs_vendor:/opt/ros/jazzy/opt/gz_common_vendor:/opt/ros/jazzy/opt/gz_math_vendor:/opt/ros/jazzy/opt/gz_utils_vendor:/opt/ros/jazzy/opt/gz_tools_vendor:/opt/ros/jazzy/opt/gz_ogre_next_vendor:/opt/ros/jazzy/opt/gz_dartsim_vendor:/opt/ros/jazzy/opt/gz_cmake_vendor:/home/batesr6/robotics/lab2/ros-lab-2/install/wall_follow_pub:/opt/ros/jazzy PS1=<ROS2-Jazzy>[\u@\h \W]$ /usr/bin/cmake --build /home/batesr6/robotics/lab2/ros-lab-2/build/ros_gz_gazebo -- -j16 -l16
[0.844s] DEBUG:colcon.colcon_core.event_handler.log_command:Invoked command in '/home/batesr6/robotics/lab2/ros-lab-2/build/ros_gz_gazebo' returned '0': CMAKE_PREFIX_PATH=/home/batesr6/robotics/lab2/ros-lab-2/install/ros_gz_description:/home/batesr6/robotics/lab2/ros-lab-2/install/ros_gz_bringup:/home/batesr6/robotics/lab2/ros-lab-2/install/ros_gz_gazebo:/home/batesr6/robotics/lab2/ros-lab-2/install/ros_gz_app:/opt/ros/jazzy/opt/gz_sim_vendor:/opt/ros/jazzy/opt/gz_sensors_vendor:/opt/ros/jazzy/opt/gz_physics_vendor:/opt/ros/jazzy/opt/sdformat_vendor:/opt/ros/jazzy/opt/gz_gui_vendor:/opt/ros/jazzy/opt/gz_transport_vendor:/opt/ros/jazzy/opt/gz_rendering_vendor:/opt/ros/jazzy/opt/gz_plugin_vendor:/opt/ros/jazzy/opt/gz_fuel_tools_vendor:/opt/ros/jazzy/opt/gz_msgs_vendor:/opt/ros/jazzy/opt/gz_common_vendor:/opt/ros/jazzy/opt/gz_math_vendor:/opt/ros/jazzy/opt/gz_utils_vendor:/opt/ros/jazzy/opt/gz_tools_vendor:/opt/ros/jazzy/opt/gz_ogre_next_vendor:/opt/ros/jazzy/opt/gz_dartsim_vendor:/opt/ros/jazzy/opt/gz_cmake_vendor:/home/batesr6/robotics/lab2/ros-lab-2/install/wall_follow_pub:/opt/ros/jazzy PS1=<ROS2-Jazzy>[\u@\h \W]$ /usr/bin/cmake --build /home/batesr6/robotics/lab2/ros-lab-2/build/ros_gz_gazebo -- -j16 -l16
[0.847s] DEBUG:colcon.colcon_core.event_handler.log_command:Invoking command in '/home/batesr6/robotics/lab2/ros-lab-2/build/ros_gz_gazebo': CMAKE_PREFIX_PATH=/home/batesr6/robotics/lab2/ros-lab-2/install/ros_gz_description:/home/batesr6/robotics/lab2/ros-lab-2/install/ros_gz_bringup:/home/batesr6/robotics/lab2/ros-lab-2/install/ros_gz_gazebo:/home/batesr6/robotics/lab2/ros-lab-2/install/ros_gz_app:/opt/ros/jazzy/opt/gz_sim_vendor:/opt/ros/jazzy/opt/gz_sensors_vendor:/opt/ros/jazzy/opt/gz_physics_vendor:/opt/ros/jazzy/opt/sdformat_vendor:/opt/ros/jazzy/opt/gz_gui_vendor:/opt/ros/jazzy/opt/gz_transport_vendor:/opt/ros/jazzy/opt/gz_rendering_vendor:/opt/ros/jazzy/opt/gz_plugin_vendor:/opt/ros/jazzy/opt/gz_fuel_tools_vendor:/opt/ros/jazzy/opt/gz_msgs_vendor:/opt/ros/jazzy/opt/gz_common_vendor:/opt/ros/jazzy/opt/gz_math_vendor:/opt/ros/jazzy/opt/gz_utils_vendor:/opt/ros/jazzy/opt/gz_tools_vendor:/opt/ros/jazzy/opt/gz_ogre_next_vendor:/opt/ros/jazzy/opt/gz_dartsim_vendor:/opt/ros/jazzy/opt/gz_cmake_vendor:/home/batesr6/robotics/lab2/ros-lab-2/install/wall_follow_pub:/opt/ros/jazzy PS1=<ROS2-Jazzy>[\u@\h \W]$ /usr/bin/cmake --install /home/batesr6/robotics/lab2/ros-lab-2/build/ros_gz_gazebo
[0.903s] Level 1:colcon.colcon_core.environment:create_environment_scripts_only(ros_gz_gazebo)
[0.903s] Level 1:colcon.colcon_core.environment:checking '/home/batesr6/robotics/lab2/ros-lab-2/install/ros_gz_gazebo' for CMake module files
[0.903s] DEBUG:colcon.colcon_core.event_handler.log_command:Invoked command in '/home/batesr6/robotics/lab2/ros-lab-2/build/ros_gz_gazebo' returned '0': CMAKE_PREFIX_PATH=/home/batesr6/robotics/lab2/ros-lab-2/install/ros_gz_description:/home/batesr6/robotics/lab2/ros-lab-2/install/ros_gz_bringup:/home/batesr6/robotics/lab2/ros-lab-2/install/ros_gz_gazebo:/home/batesr6/robotics/lab2/ros-lab-2/install/ros_gz_app:/opt/ros/jazzy/opt/gz_sim_vendor:/opt/ros/jazzy/opt/gz_sensors_vendor:/opt/ros/jazzy/opt/gz_physics_vendor:/opt/ros/jazzy/opt/sdformat_vendor:/opt/ros/jazzy/opt/gz_gui_vendor:/opt/ros/jazzy/opt/gz_transport_vendor:/opt/ros/jazzy/opt/gz_rendering_vendor:/opt/ros/jazzy/opt/gz_plugin_vendor:/opt/ros/jazzy/opt/gz_fuel_tools_vendor:/opt/ros/jazzy/opt/gz_msgs_vendor:/opt/ros/jazzy/opt/gz_common_vendor:/opt/ros/jazzy/opt/gz_math_vendor:/opt/ros/jazzy/opt/gz_utils_vendor:/opt/ros/jazzy/opt/gz_tools_vendor:/opt/ros/jazzy/opt/gz_ogre_next_vendor:/opt/ros/jazzy/opt/gz_dartsim_vendor:/opt/ros/jazzy/opt/gz_cmake_vendor:/home/batesr6/robotics/lab2/ros-lab-2/install/wall_follow_pub:/opt/ros/jazzy PS1=<ROS2-Jazzy>[\u@\h \W]$ /usr/bin/cmake --install /home/batesr6/robotics/lab2/ros-lab-2/build/ros_gz_gazebo
[0.905s] Level 1:colcon.colcon_core.environment:checking '/home/batesr6/robotics/lab2/ros-lab-2/install/ros_gz_gazebo' for CMake config files
[0.906s] Level 1:colcon.colcon_core.shell:create_environment_hook('ros_gz_gazebo', 'cmake_prefix_path')
[0.906s] INFO:colcon.colcon_core.shell:Creating environment hook '/home/batesr6/robotics/lab2/ros-lab-2/install/ros_gz_gazebo/share/ros_gz_gazebo/hook/cmake_prefix_path.ps1'
[0.909s] INFO:colcon.colcon_core.shell:Creating environment descriptor '/home/batesr6/robotics/lab2/ros-lab-2/install/ros_gz_gazebo/share/ros_gz_gazebo/hook/cmake_prefix_path.dsv'
[0.911s] INFO:colcon.colcon_core.shell:Creating environment hook '/home/batesr6/robotics/lab2/ros-lab-2/install/ros_gz_gazebo/share/ros_gz_gazebo/hook/cmake_prefix_path.sh'
[0.915s] Level 1:colcon.colcon_core.environment:checking '/home/batesr6/robotics/lab2/ros-lab-2/install/ros_gz_gazebo/lib'
[0.915s] Level 1:colcon.colcon_core.environment:checking '/home/batesr6/robotics/lab2/ros-lab-2/install/ros_gz_gazebo/bin'
[0.915s] Level 1:colcon.colcon_core.environment:checking '/home/batesr6/robotics/lab2/ros-lab-2/install/ros_gz_gazebo/lib/pkgconfig/ros_gz_gazebo.pc'
[0.916s] Level 1:colcon.colcon_core.environment:checking '/home/batesr6/robotics/lab2/ros-lab-2/install/ros_gz_gazebo/lib/python3.12/site-packages'
[0.916s] Level 1:colcon.colcon_core.environment:checking '/home/batesr6/robotics/lab2/ros-lab-2/install/ros_gz_gazebo/bin'
[0.916s] INFO:colcon.colcon_core.shell:Creating package script '/home/batesr6/robotics/lab2/ros-lab-2/install/ros_gz_gazebo/share/ros_gz_gazebo/package.ps1'
[0.918s] INFO:colcon.colcon_core.shell:Creating package descriptor '/home/batesr6/robotics/lab2/ros-lab-2/install/ros_gz_gazebo/share/ros_gz_gazebo/package.dsv'
[0.920s] INFO:colcon.colcon_core.shell:Creating package script '/home/batesr6/robotics/lab2/ros-lab-2/install/ros_gz_gazebo/share/ros_gz_gazebo/package.sh'
[0.922s] INFO:colcon.colcon_core.shell:Creating package script '/home/batesr6/robotics/lab2/ros-lab-2/install/ros_gz_gazebo/share/ros_gz_gazebo/package.bash'
[0.925s] INFO:colcon.colcon_core.shell:Creating package script '/home/batesr6/robotics/lab2/ros-lab-2/install/ros_gz_gazebo/share/ros_gz_gazebo/package.zsh'
[0.927s] Level 1:colcon.colcon_core.environment:create_file_with_runtime_dependencies(/home/batesr6/robotics/lab2/ros-lab-2/install/ros_gz_gazebo/share/colcon-core/packages/ros_gz_gazebo)
[0.930s] Level 1:colcon.colcon_core.environment:create_environment_scripts_only(ros_gz_gazebo)
[0.931s] Level 1:colcon.colcon_core.environment:checking '/home/batesr6/robotics/lab2/ros-lab-2/install/ros_gz_gazebo' for CMake module files
[0.932s] Level 1:colcon.colcon_core.environment:checking '/home/batesr6/robotics/lab2/ros-lab-2/install/ros_gz_gazebo' for CMake config files
[0.932s] Level 1:colcon.colcon_core.shell:create_environment_hook('ros_gz_gazebo', 'cmake_prefix_path')
[0.933s] INFO:colcon.colcon_core.shell:Creating environment hook '/home/batesr6/robotics/lab2/ros-lab-2/install/ros_gz_gazebo/share/ros_gz_gazebo/hook/cmake_prefix_path.ps1'
[0.935s] INFO:colcon.colcon_core.shell:Creating environment descriptor '/home/batesr6/robotics/lab2/ros-lab-2/install/ros_gz_gazebo/share/ros_gz_gazebo/hook/cmake_prefix_path.dsv'
[0.937s] INFO:colcon.colcon_core.shell:Creating environment hook '/home/batesr6/robotics/lab2/ros-lab-2/install/ros_gz_gazebo/share/ros_gz_gazebo/hook/cmake_prefix_path.sh'
[0.939s] Level 1:colcon.colcon_core.environment:checking '/home/batesr6/robotics/lab2/ros-lab-2/install/ros_gz_gazebo/lib'
[0.939s] Level 1:colcon.colcon_core.environment:checking '/home/batesr6/robotics/lab2/ros-lab-2/install/ros_gz_gazebo/bin'
[0.939s] Level 1:colcon.colcon_core.environment:checking '/home/batesr6/robotics/lab2/ros-lab-2/install/ros_gz_gazebo/lib/pkgconfig/ros_gz_gazebo.pc'
[0.939s] Level 1:colcon.colcon_core.environment:checking '/home/batesr6/robotics/lab2/ros-lab-2/install/ros_gz_gazebo/lib/python3.12/site-packages'
[0.940s] Level 1:colcon.colcon_core.environment:checking '/home/batesr6/robotics/lab2/ros-lab-2/install/ros_gz_gazebo/bin'
[0.940s] INFO:colcon.colcon_core.shell:Creating package script '/home/batesr6/robotics/lab2/ros-lab-2/install/ros_gz_gazebo/share/ros_gz_gazebo/package.ps1'
[0.942s] INFO:colcon.colcon_core.shell:Creating package descriptor '/home/batesr6/robotics/lab2/ros-lab-2/install/ros_gz_gazebo/share/ros_gz_gazebo/package.dsv'
[0.944s] INFO:colcon.colcon_core.shell:Creating package script '/home/batesr6/robotics/lab2/ros-lab-2/install/ros_gz_gazebo/share/ros_gz_gazebo/package.sh'
[0.947s] INFO:colcon.colcon_core.shell:Creating package script '/home/batesr6/robotics/lab2/ros-lab-2/install/ros_gz_gazebo/share/ros_gz_gazebo/package.bash'
[0.950s] INFO:colcon.colcon_core.shell:Creating package script '/home/batesr6/robotics/lab2/ros-lab-2/install/ros_gz_gazebo/share/ros_gz_gazebo/package.zsh'
[0.952s] Level 1:colcon.colcon_core.environment:create_file_with_runtime_dependencies(/home/batesr6/robotics/lab2/ros-lab-2/install/ros_gz_gazebo/share/colcon-core/packages/ros_gz_gazebo)
[0.954s] INFO:colcon.colcon_ros.task.ament_cmake.build:Building ROS package in '/home/batesr6/robotics/lab2/ros-lab-2/ros_gz_bringup' with build type 'ament_cmake'
[0.954s] INFO:colcon.colcon_cmake.task.cmake.build:Building CMake package in '/home/batesr6/robotics/lab2/ros-lab-2/ros_gz_bringup'
[0.954s] INFO:colcon.colcon_core.shell:Skip shell extension 'powershell' for command environment: Not usable outside of PowerShell
[0.954s] DEBUG:colcon.colcon_core.shell:Skip shell extension 'dsv' for command environment
[0.982s] DEBUG:colcon.colcon_core.event_handler.log_command:Invoking command in '/home/batesr6/robotics/lab2/ros-lab-2/build/ros_gz_bringup': CMAKE_PREFIX_PATH=/home/batesr6/robotics/lab2/ros-lab-2/install/ros_gz_gazebo:/home/batesr6/robotics/lab2/ros-lab-2/install/ros_gz_description:/home/batesr6/robotics/lab2/ros-lab-2/install/ros_gz_bringup:/home/batesr6/robotics/lab2/ros-lab-2/install/ros_gz_app:/opt/ros/jazzy/opt/gz_sim_vendor:/opt/ros/jazzy/opt/gz_sensors_vendor:/opt/ros/jazzy/opt/gz_physics_vendor:/opt/ros/jazzy/opt/sdformat_vendor:/opt/ros/jazzy/opt/gz_gui_vendor:/opt/ros/jazzy/opt/gz_transport_vendor:/opt/ros/jazzy/opt/gz_rendering_vendor:/opt/ros/jazzy/opt/gz_plugin_vendor:/opt/ros/jazzy/opt/gz_fuel_tools_vendor:/opt/ros/jazzy/opt/gz_msgs_vendor:/opt/ros/jazzy/opt/gz_common_vendor:/opt/ros/jazzy/opt/gz_math_vendor:/opt/ros/jazzy/opt/gz_utils_vendor:/opt/ros/jazzy/opt/gz_tools_vendor:/opt/ros/jazzy/opt/gz_ogre_next_vendor:/opt/ros/jazzy/opt/gz_dartsim_vendor:/opt/ros/jazzy/opt/gz_cmake_vendor:/home/batesr6/robotics/lab2/ros-lab-2/install/wall_follow_pub:/opt/ros/jazzy GZ_SIM_PLUGIN_PATH=/home/batesr6/robotics/lab2/ros-lab-2/install/ros_gz_gazebo/lib/ros_gz_gazebo PS1=<ROS2-Jazzy>[\u@\h \W]$ /usr/bin/cmake --build /home/batesr6/robotics/lab2/ros-lab-2/build/ros_gz_bringup -- -j16 -l16
[1.024s] DEBUG:colcon.colcon_core.event_handler.log_command:Invoked command in '/home/batesr6/robotics/lab2/ros-lab-2/build/ros_gz_bringup' returned '0': CMAKE_PREFIX_PATH=/home/batesr6/robotics/lab2/ros-lab-2/install/ros_gz_gazebo:/home/batesr6/robotics/lab2/ros-lab-2/install/ros_gz_description:/home/batesr6/robotics/lab2/ros-lab-2/install/ros_gz_bringup:/home/batesr6/robotics/lab2/ros-lab-2/install/ros_gz_app:/opt/ros/jazzy/opt/gz_sim_vendor:/opt/ros/jazzy/opt/gz_sensors_vendor:/opt/ros/jazzy/opt/gz_physics_vendor:/opt/ros/jazzy/opt/sdformat_vendor:/opt/ros/jazzy/opt/gz_gui_vendor:/opt/ros/jazzy/opt/gz_transport_vendor:/opt/ros/jazzy/opt/gz_rendering_vendor:/opt/ros/jazzy/opt/gz_plugin_vendor:/opt/ros/jazzy/opt/gz_fuel_tools_vendor:/opt/ros/jazzy/opt/gz_msgs_vendor:/opt/ros/jazzy/opt/gz_common_vendor:/opt/ros/jazzy/opt/gz_math_vendor:/opt/ros/jazzy/opt/gz_utils_vendor:/opt/ros/jazzy/opt/gz_tools_vendor:/opt/ros/jazzy/opt/gz_ogre_next_vendor:/opt/ros/jazzy/opt/gz_dartsim_vendor:/opt/ros/jazzy/opt/gz_cmake_vendor:/home/batesr6/robotics/lab2/ros-lab-2/install/wall_follow_pub:/opt/ros/jazzy GZ_SIM_PLUGIN_PATH=/home/batesr6/robotics/lab2/ros-lab-2/install/ros_gz_gazebo/lib/ros_gz_gazebo PS1=<ROS2-Jazzy>[\u@\h \W]$ /usr/bin/cmake --build /home/batesr6/robotics/lab2/ros-lab-2/build/ros_gz_bringup -- -j16 -l16
[1.025s] DEBUG:colcon.colcon_core.event_handler.log_command:Invoking command in '/home/batesr6/robotics/lab2/ros-lab-2/build/ros_gz_bringup': CMAKE_PREFIX_PATH=/home/batesr6/robotics/lab2/ros-lab-2/install/ros_gz_gazebo:/home/batesr6/robotics/lab2/ros-lab-2/install/ros_gz_description:/home/batesr6/robotics/lab2/ros-lab-2/install/ros_gz_bringup:/home/batesr6/robotics/lab2/ros-lab-2/install/ros_gz_app:/opt/ros/jazzy/opt/gz_sim_vendor:/opt/ros/jazzy/opt/gz_sensors_vendor:/opt/ros/jazzy/opt/gz_physics_vendor:/opt/ros/jazzy/opt/sdformat_vendor:/opt/ros/jazzy/opt/gz_gui_vendor:/opt/ros/jazzy/opt/gz_transport_vendor:/opt/ros/jazzy/opt/gz_rendering_vendor:/opt/ros/jazzy/opt/gz_plugin_vendor:/opt/ros/jazzy/opt/gz_fuel_tools_vendor:/opt/ros/jazzy/opt/gz_msgs_vendor:/opt/ros/jazzy/opt/gz_common_vendor:/opt/ros/jazzy/opt/gz_math_vendor:/opt/ros/jazzy/opt/gz_utils_vendor:/opt/ros/jazzy/opt/gz_tools_vendor:/opt/ros/jazzy/opt/gz_ogre_next_vendor:/opt/ros/jazzy/opt/gz_dartsim_vendor:/opt/ros/jazzy/opt/gz_cmake_vendor:/home/batesr6/robotics/lab2/ros-lab-2/install/wall_follow_pub:/opt/ros/jazzy GZ_SIM_PLUGIN_PATH=/home/batesr6/robotics/lab2/ros-lab-2/install/ros_gz_gazebo/lib/ros_gz_gazebo PS1=<ROS2-Jazzy>[\u@\h \W]$ /usr/bin/cmake --install /home/batesr6/robotics/lab2/ros-lab-2/build/ros_gz_bringup
[1.066s] Level 1:colcon.colcon_core.environment:create_environment_scripts_only(ros_gz_bringup)
[1.066s] Level 1:colcon.colcon_core.environment:checking '/home/batesr6/robotics/lab2/ros-lab-2/install/ros_gz_bringup' for CMake module files
[1.067s] DEBUG:colcon.colcon_core.event_handler.log_command:Invoked command in '/home/batesr6/robotics/lab2/ros-lab-2/build/ros_gz_bringup' returned '0': CMAKE_PREFIX_PATH=/home/batesr6/robotics/lab2/ros-lab-2/install/ros_gz_gazebo:/home/batesr6/robotics/lab2/ros-lab-2/install/ros_gz_description:/home/batesr6/robotics/lab2/ros-lab-2/install/ros_gz_bringup:/home/batesr6/robotics/lab2/ros-lab-2/install/ros_gz_app:/opt/ros/jazzy/opt/gz_sim_vendor:/opt/ros/jazzy/opt/gz_sensors_vendor:/opt/ros/jazzy/opt/gz_physics_vendor:/opt/ros/jazzy/opt/sdformat_vendor:/opt/ros/jazzy/opt/gz_gui_vendor:/opt/ros/jazzy/opt/gz_transport_vendor:/opt/ros/jazzy/opt/gz_rendering_vendor:/opt/ros/jazzy/opt/gz_plugin_vendor:/opt/ros/jazzy/opt/gz_fuel_tools_vendor:/opt/ros/jazzy/opt/gz_msgs_vendor:/opt/ros/jazzy/opt/gz_common_vendor:/opt/ros/jazzy/opt/gz_math_vendor:/opt/ros/jazzy/opt/gz_utils_vendor:/opt/ros/jazzy/opt/gz_tools_vendor:/opt/ros/jazzy/opt/gz_ogre_next_vendor:/opt/ros/jazzy/opt/gz_dartsim_vendor:/opt/ros/jazzy/opt/gz_cmake_vendor:/home/batesr6/robotics/lab2/ros-lab-2/install/wall_follow_pub:/opt/ros/jazzy GZ_SIM_PLUGIN_PATH=/home/batesr6/robotics/lab2/ros-lab-2/install/ros_gz_gazebo/lib/ros_gz_gazebo PS1=<ROS2-Jazzy>[\u@\h \W]$ /usr/bin/cmake --install /home/batesr6/robotics/lab2/ros-lab-2/build/ros_gz_bringup
[1.068s] Level 1:colcon.colcon_core.environment:checking '/home/batesr6/robotics/lab2/ros-lab-2/install/ros_gz_bringup' for CMake config files
[1.070s] Level 1:colcon.colcon_core.shell:create_environment_hook('ros_gz_bringup', 'cmake_prefix_path')
[1.070s] INFO:colcon.colcon_core.shell:Creating environment hook '/home/batesr6/robotics/lab2/ros-lab-2/install/ros_gz_bringup/share/ros_gz_bringup/hook/cmake_prefix_path.ps1'
[1.072s] INFO:colcon.colcon_core.shell:Creating environment descriptor '/home/batesr6/robotics/lab2/ros-lab-2/install/ros_gz_bringup/share/ros_gz_bringup/hook/cmake_prefix_path.dsv'
[1.074s] INFO:colcon.colcon_core.shell:Creating environment hook '/home/batesr6/robotics/lab2/ros-lab-2/install/ros_gz_bringup/share/ros_gz_bringup/hook/cmake_prefix_path.sh'
[1.077s] Level 1:colcon.colcon_core.environment:checking '/home/batesr6/robotics/lab2/ros-lab-2/install/ros_gz_bringup/bin'
[1.077s] Level 1:colcon.colcon_core.environment:checking '/home/batesr6/robotics/lab2/ros-lab-2/install/ros_gz_bringup/lib/pkgconfig/ros_gz_bringup.pc'
[1.078s] Level 1:colcon.colcon_core.environment:checking '/home/batesr6/robotics/lab2/ros-lab-2/install/ros_gz_bringup/lib/python3.12/site-packages'
[1.078s] Level 1:colcon.colcon_core.environment:checking '/home/batesr6/robotics/lab2/ros-lab-2/install/ros_gz_bringup/bin'
[1.078s] INFO:colcon.colcon_core.shell:Creating package script '/home/batesr6/robotics/lab2/ros-lab-2/install/ros_gz_bringup/share/ros_gz_bringup/package.ps1'
[1.081s] INFO:colcon.colcon_core.shell:Creating package descriptor '/home/batesr6/robotics/lab2/ros-lab-2/install/ros_gz_bringup/share/ros_gz_bringup/package.dsv'
[1.084s] INFO:colcon.colcon_core.shell:Creating package script '/home/batesr6/robotics/lab2/ros-lab-2/install/ros_gz_bringup/share/ros_gz_bringup/package.sh'
[1.087s] INFO:colcon.colcon_core.shell:Creating package script '/home/batesr6/robotics/lab2/ros-lab-2/install/ros_gz_bringup/share/ros_gz_bringup/package.bash'
[1.089s] INFO:colcon.colcon_core.shell:Creating package script '/home/batesr6/robotics/lab2/ros-lab-2/install/ros_gz_bringup/share/ros_gz_bringup/package.zsh'
[1.091s] Level 1:colcon.colcon_core.environment:create_file_with_runtime_dependencies(/home/batesr6/robotics/lab2/ros-lab-2/install/ros_gz_bringup/share/colcon-core/packages/ros_gz_bringup)
[1.094s] Level 1:colcon.colcon_core.environment:create_environment_scripts_only(ros_gz_bringup)
[1.094s] Level 1:colcon.colcon_core.environment:checking '/home/batesr6/robotics/lab2/ros-lab-2/install/ros_gz_bringup' for CMake module files
[1.095s] Level 1:colcon.colcon_core.environment:checking '/home/batesr6/robotics/lab2/ros-lab-2/install/ros_gz_bringup' for CMake config files
[1.097s] Level 1:colcon.colcon_core.shell:create_environment_hook('ros_gz_bringup', 'cmake_prefix_path')
[1.097s] INFO:colcon.colcon_core.shell:Creating environment hook '/home/batesr6/robotics/lab2/ros-lab-2/install/ros_gz_bringup/share/ros_gz_bringup/hook/cmake_prefix_path.ps1'
[1.099s] INFO:colcon.colcon_core.shell:Creating environment descriptor '/home/batesr6/robotics/lab2/ros-lab-2/install/ros_gz_bringup/share/ros_gz_bringup/hook/cmake_prefix_path.dsv'
[1.101s] INFO:colcon.colcon_core.shell:Creating environment hook '/home/batesr6/robotics/lab2/ros-lab-2/install/ros_gz_bringup/share/ros_gz_bringup/hook/cmake_prefix_path.sh'
[1.104s] Level 1:colcon.colcon_core.environment:checking '/home/batesr6/robotics/lab2/ros-lab-2/install/ros_gz_bringup/bin'
[1.104s] Level 1:colcon.colcon_core.environment:checking '/home/batesr6/robotics/lab2/ros-lab-2/install/ros_gz_bringup/lib/pkgconfig/ros_gz_bringup.pc'
[1.104s] Level 1:colcon.colcon_core.environment:checking '/home/batesr6/robotics/lab2/ros-lab-2/install/ros_gz_bringup/lib/python3.12/site-packages'
[1.104s] Level 1:colcon.colcon_core.environment:checking '/home/batesr6/robotics/lab2/ros-lab-2/install/ros_gz_bringup/bin'
[1.104s] INFO:colcon.colcon_core.shell:Creating package script '/home/batesr6/robotics/lab2/ros-lab-2/install/ros_gz_bringup/share/ros_gz_bringup/package.ps1'
[1.107s] INFO:colcon.colcon_core.shell:Creating package descriptor '/home/batesr6/robotics/lab2/ros-lab-2/install/ros_gz_bringup/share/ros_gz_bringup/package.dsv'
[1.109s] INFO:colcon.colcon_core.shell:Creating package script '/home/batesr6/robotics/lab2/ros-lab-2/install/ros_gz_bringup/share/ros_gz_bringup/package.sh'
[1.111s] INFO:colcon.colcon_core.shell:Creating package script '/home/batesr6/robotics/lab2/ros-lab-2/install/ros_gz_bringup/share/ros_gz_bringup/package.bash'
[1.114s] INFO:colcon.colcon_core.shell:Creating package script '/home/batesr6/robotics/lab2/ros-lab-2/install/ros_gz_bringup/share/ros_gz_bringup/package.zsh'
[1.117s] Level 1:colcon.colcon_core.environment:create_file_with_runtime_dependencies(/home/batesr6/robotics/lab2/ros-lab-2/install/ros_gz_bringup/share/colcon-core/packages/ros_gz_bringup)
[1.211s] DEBUG:colcon.colcon_core.event_handler.log_command:Invoking command in '/home/batesr6/robotics/lab2/ros-lab-2/wall_ws/src/wall_follow_pub': PS1=<ROS2-Jazzy>[\u@\h \W]$ PYTHONPATH=/home/batesr6/robotics/lab2/ros-lab-2/build/wall_follow_pub/prefix_override:/usr/lib/python3/dist-packages/colcon_core/task/python/colcon_distutils_commands:/home/batesr6/robotics/lab2/ros-lab-2/install/wall_follow_pub/lib/python3.12/site-packages:${PYTHONPATH} /usr/bin/python3 -W ignore:setup.py install is deprecated -W ignore:easy_install command is deprecated setup.py egg_info --egg-base ../../../build/wall_follow_pub build --build-base /home/batesr6/robotics/lab2/ros-lab-2/build/wall_follow_pub/build install --record /home/batesr6/robotics/lab2/ros-lab-2/build/wall_follow_pub/install.log --single-version-externally-managed install_data
[1.864s] Level 1:colcon.colcon_core.environment:checking '/home/batesr6/robotics/lab2/ros-lab-2/install/wall_follow_pub' for CMake module files
[1.865s] DEBUG:colcon.colcon_core.event_handler.log_command:Invoked command in '/home/batesr6/robotics/lab2/ros-lab-2/wall_ws/src/wall_follow_pub' returned '0': PS1=<ROS2-Jazzy>[\u@\h \W]$ PYTHONPATH=/home/batesr6/robotics/lab2/ros-lab-2/build/wall_follow_pub/prefix_override:/usr/lib/python3/dist-packages/colcon_core/task/python/colcon_distutils_commands:/home/batesr6/robotics/lab2/ros-lab-2/install/wall_follow_pub/lib/python3.12/site-packages:${PYTHONPATH} /usr/bin/python3 -W ignore:setup.py install is deprecated -W ignore:easy_install command is deprecated setup.py egg_info --egg-base ../../../build/wall_follow_pub build --build-base /home/batesr6/robotics/lab2/ros-lab-2/build/wall_follow_pub/build install --record /home/batesr6/robotics/lab2/ros-lab-2/build/wall_follow_pub/install.log --single-version-externally-managed install_data
[1.866s] Level 1:colcon.colcon_core.environment:checking '/home/batesr6/robotics/lab2/ros-lab-2/install/wall_follow_pub' for CMake config files
[1.870s] Level 1:colcon.colcon_core.environment:checking '/home/batesr6/robotics/lab2/ros-lab-2/install/wall_follow_pub/lib'
[1.870s] Level 1:colcon.colcon_core.environment:checking '/home/batesr6/robotics/lab2/ros-lab-2/install/wall_follow_pub/bin'
[1.870s] Level 1:colcon.colcon_core.environment:checking '/home/batesr6/robotics/lab2/ros-lab-2/install/wall_follow_pub/lib/pkgconfig/wall_follow_pub.pc'
[1.871s] Level 1:colcon.colcon_core.environment:checking '/home/batesr6/robotics/lab2/ros-lab-2/install/wall_follow_pub/lib/python3.12/site-packages'
[1.871s] Level 1:colcon.colcon_core.shell:create_environment_hook('wall_follow_pub', 'pythonpath')
[1.871s] INFO:colcon.colcon_core.shell:Creating environment hook '/home/batesr6/robotics/lab2/ros-lab-2/install/wall_follow_pub/share/wall_follow_pub/hook/pythonpath.ps1'
[1.873s] INFO:colcon.colcon_core.shell:Creating environment descriptor '/home/batesr6/robotics/lab2/ros-lab-2/install/wall_follow_pub/share/wall_follow_pub/hook/pythonpath.dsv'
[1.876s] INFO:colcon.colcon_core.shell:Creating environment hook '/home/batesr6/robotics/lab2/ros-lab-2/install/wall_follow_pub/share/wall_follow_pub/hook/pythonpath.sh'
[1.879s] Level 1:colcon.colcon_core.environment:checking '/home/batesr6/robotics/lab2/ros-lab-2/install/wall_follow_pub/bin'
[1.879s] Level 1:colcon.colcon_core.environment:create_environment_scripts_only(wall_follow_pub)
[1.879s] INFO:colcon.colcon_core.shell:Creating package script '/home/batesr6/robotics/lab2/ros-lab-2/install/wall_follow_pub/share/wall_follow_pub/package.ps1'
[1.883s] INFO:colcon.colcon_core.shell:Creating package descriptor '/home/batesr6/robotics/lab2/ros-lab-2/install/wall_follow_pub/share/wall_follow_pub/package.dsv'
[1.885s] INFO:colcon.colcon_core.shell:Creating package script '/home/batesr6/robotics/lab2/ros-lab-2/install/wall_follow_pub/share/wall_follow_pub/package.sh'
[1.888s] INFO:colcon.colcon_core.shell:Creating package script '/home/batesr6/robotics/lab2/ros-lab-2/install/wall_follow_pub/share/wall_follow_pub/package.bash'
[1.890s] INFO:colcon.colcon_core.shell:Creating package script '/home/batesr6/robotics/lab2/ros-lab-2/install/wall_follow_pub/share/wall_follow_pub/package.zsh'
[1.892s] Level 1:colcon.colcon_core.environment:create_file_with_runtime_dependencies(/home/batesr6/robotics/lab2/ros-lab-2/install/wall_follow_pub/share/colcon-core/packages/wall_follow_pub)
[1.895s] DEBUG:colcon.colcon_parallel_executor.executor.parallel:closing loop
[1.895s] DEBUG:colcon.colcon_parallel_executor.executor.parallel:loop closed
[1.895s] DEBUG:colcon.colcon_parallel_executor.executor.parallel:run_until_complete finished with '0'
[1.895s] DEBUG:colcon.colcon_core.event_reactor:joining thread
[1.908s] INFO:colcon.colcon_core.plugin_system:Skipping extension 'colcon_notification.desktop_notification.notify_send': Could not find 'notify-send'
[1.908s] INFO:colcon.colcon_core.plugin_system:Skipping extension 'colcon_notification.desktop_notification.terminal_notifier': Not used on non-Darwin systems
[1.908s] INFO:colcon.colcon_core.plugin_system:Skipping extension 'colcon_notification.desktop_notification.win32': Not used on non-Windows systems
[1.908s] INFO:colcon.colcon_notification.desktop_notification:Sending desktop notification using 'notify2'
[1.918s] DEBUG:colcon.colcon_core.event_reactor:joined thread
[1.918s] INFO:colcon.colcon_core.shell:Creating prefix script '/home/batesr6/robotics/lab2/ros-lab-2/install/local_setup.ps1'
[1.921s] INFO:colcon.colcon_core.shell:Creating prefix util module '/home/batesr6/robotics/lab2/ros-lab-2/install/_local_setup_util_ps1.py'
[1.925s] INFO:colcon.colcon_core.shell:Creating prefix chain script '/home/batesr6/robotics/lab2/ros-lab-2/install/setup.ps1'
[1.930s] INFO:colcon.colcon_core.shell:Creating prefix script '/home/batesr6/robotics/lab2/ros-lab-2/install/local_setup.sh'
[1.933s] INFO:colcon.colcon_core.shell:Creating prefix util module '/home/batesr6/robotics/lab2/ros-lab-2/install/_local_setup_util_sh.py'
[1.936s] INFO:colcon.colcon_core.shell:Creating prefix chain script '/home/batesr6/robotics/lab2/ros-lab-2/install/setup.sh'
[1.940s] INFO:colcon.colcon_core.shell:Creating prefix script '/home/batesr6/robotics/lab2/ros-lab-2/install/local_setup.bash'
[1.943s] INFO:colcon.colcon_core.shell:Creating prefix chain script '/home/batesr6/robotics/lab2/ros-lab-2/install/setup.bash'
[1.948s] INFO:colcon.colcon_core.shell:Creating prefix script '/home/batesr6/robotics/lab2/ros-lab-2/install/local_setup.zsh'
[1.951s] INFO:colcon.colcon_core.shell:Creating prefix chain script '/home/batesr6/robotics/lab2/ros-lab-2/install/setup.zsh'
