[0.037s] Invoking command in '/home/batesr6/robotics/lab2/ros-lab-2/build/ros_gz_gazebo': CMAKE_PREFIX_PATH=/home/batesr6/robotics/lab2/ros-lab-2/install/ros_gz_description:/opt/ros/jazzy/opt/gz_sim_vendor:/opt/ros/jazzy/opt/gz_sensors_vendor:/opt/ros/jazzy/opt/gz_physics_vendor:/opt/ros/jazzy/opt/sdformat_vendor:/opt/ros/jazzy/opt/gz_gui_vendor:/opt/ros/jazzy/opt/gz_transport_vendor:/opt/ros/jazzy/opt/gz_rendering_vendor:/opt/ros/jazzy/opt/gz_plugin_vendor:/opt/ros/jazzy/opt/gz_fuel_tools_vendor:/opt/ros/jazzy/opt/gz_msgs_vendor:/opt/ros/jazzy/opt/gz_common_vendor:/opt/ros/jazzy/opt/gz_math_vendor:/opt/ros/jazzy/opt/gz_utils_vendor:/opt/ros/jazzy/opt/gz_tools_vendor:/opt/ros/jazzy/opt/gz_ogre_next_vendor:/opt/ros/jazzy/opt/gz_dartsim_vendor:/opt/ros/jazzy/opt/gz_cmake_vendor:/opt/ros/jazzy PS1=<ROS2-Jazzy>[\u@\h \W]$ /usr/bin/cmake /home/batesr6/robotics/lab2/ros-lab-2/ros_gz_gazebo -DCMAKE_INSTALL_PREFIX=/home/batesr6/robotics/lab2/ros-lab-2/install/ros_gz_gazebo
[0.182s] -- The C compiler identification is GNU 13.3.0
[0.298s] -- The CXX compiler identification is GNU 13.3.0
[0.346s] -- Detecting C compiler ABI info
[0.658s] -- Detecting C compiler ABI info - done
[0.675s] -- Check for working C compiler: /usr/bin/cc - skipped
[0.675s] -- Detecting C compile features
[0.675s] -- Detecting C compile features - done
[0.707s] -- Detecting CXX compiler ABI info
[1.015s] -- Detecting CXX compiler ABI info - done
[1.033s] -- Check for working CXX compiler: /usr/bin/c++ - skipped
[1.034s] -- Detecting CXX compile features
[1.035s] -- Detecting CXX compile features - done
[1.077s] -- Found ament_cmake: 2.5.3 (/opt/ros/jazzy/share/ament_cmake/cmake)
[1.266s] -- Found Python3: /usr/bin/python3 (found version "3.12.3") found components: Interpreter 
[1.680s] -- Found ros_gz_description: 0.0.0 (/home/batesr6/robotics/lab2/ros-lab-2/install/ros_gz_description/share/ros_gz_description/cmake)
[1.744s] -- Looking for gz-plugin2 -- found version 2.0.4
[1.746s] -- Searching for dependencies of gz-plugin2
[1.766s] -- Looking for gz-utils2 -- found version 2.2.1
[1.767s] -- Searching for dependencies of gz-utils2
[1.768s] -- Searching for <gz-utils2> component [cli]
[1.787s] -- Looking for gz-utils2-cli -- found version 2.2.1
[1.787s] -- Searching for dependencies of gz-utils2-cli
[1.789s] -- Searching for <gz-plugin2> component [register]
[1.804s] -- Looking for gz-plugin2-register -- found version 2.0.4
[1.805s] -- Searching for dependencies of gz-plugin2-register
[1.825s] -- Looking for gz-common5 -- found version 5.7.1
[1.825s] -- Searching for dependencies of gz-common5
[1.826s] -- Looking for gz-utils2 -- found version 2.2.1
[1.833s] -- Looking for dlfcn.h - found
[1.852s] -- Looking for libdl - found
[1.854s] -- Found DL: TRUE  
[1.875s] -- Checking for module 'uuid'
[1.905s] --   Found uuid, version 2.39.3
[1.957s] -- Found UUID: TRUE  
[1.958s] -- Searching for <gz-common5> component [profiler]
[1.975s] -- Looking for gz-common5-profiler -- found version 5.7.1
[1.976s] -- Searching for dependencies of gz-common5-profiler
[1.991s] -- Looking for gz-sim8 -- found version 8.9.0
[1.992s] -- Searching for dependencies of gz-sim8
[2.005s] -- Looking for sdformat14 -- found version 14.7.0
[2.005s] -- Searching for dependencies of sdformat14
[2.014s] -- Checking for module 'tinyxml2'
[2.039s] --   Found tinyxml2, version 10.0.0
[2.104s] -- Looking for gz-math7 -- found version 7.5.2
[2.104s] -- Searching for dependencies of gz-math7
[2.105s] -- Looking for gz-utils2 -- found version 2.2.1
[2.107s] -- Looking for gz-utils2 -- found version 2.2.1
[2.109s] -- Looking for gz-plugin2 -- found version 2.0.4
[2.110s] -- Searching for dependencies of gz-plugin2
[2.110s] -- Looking for gz-utils2 -- found version 2.2.1
[2.111s] -- Searching for <gz-plugin2> component [loader]
[2.127s] -- Looking for gz-plugin2-loader -- found version 2.0.4
[2.127s] -- Searching for dependencies of gz-plugin2-loader
[2.128s] -- Searching for <gz-plugin2> component [register]
[2.142s] -- Looking for gz-transport13 -- found version 13.4.1
[2.142s] -- Searching for dependencies of gz-transport13
[2.659s] -- Found Protobuf: /usr/lib/x86_64-linux-gnu/libprotobuf.so (found version "3.21.12") 
[2.701s] -- Config-file not installed for ZeroMQ -- checking for pkg-config
[2.709s] -- Checking for module 'libzmq >= 4'
[2.731s] --   Found libzmq, version 4.3.5
[2.808s] -- Found ZeroMQ: TRUE (Required is at least version "4") 
[2.826s] -- Looking for gz-utils2 -- found version 2.2.1
[2.843s] -- Looking for gz-msgs10 -- found version 10.3.2
[2.843s] -- Searching for dependencies of gz-msgs10
[2.900s] -- Looking for gz-utils2 -- found version 2.2.1
[2.901s] -- Looking for gz-math7 -- found version 7.5.2
[2.913s] -- Searching for <gz-transport13> component [log]
[2.929s] -- Looking for gz-transport13-log -- found version 13.4.1
[2.929s] -- Searching for dependencies of gz-transport13-log
[2.930s] -- Searching for <gz-transport13> component [parameters]
[2.943s] -- Looking for gz-transport13-parameters -- found version 13.4.1
[2.943s] -- Searching for dependencies of gz-transport13-parameters
[2.946s] -- Looking for gz-msgs10 -- found version 10.3.2
[2.946s] -- Looking for gz-common5 -- found version 5.7.1
[2.947s] -- Searching for dependencies of gz-common5
[2.947s] -- Looking for gz-utils2 -- found version 2.2.1
[2.948s] -- Looking for dlfcn.h - found
[2.948s] -- Looking for libdl - found
[2.958s] -- Searching for <gz-common5> component [av]
[2.972s] -- Looking for gz-common5-av -- found version 5.7.1
[2.972s] -- Searching for dependencies of gz-common5-av
[2.978s] -- Checking for module 'libswscale'
[2.993s] --   Found libswscale, version 7.5.100
[3.040s] -- Found SWSCALE: TRUE  
[3.049s] -- Checking for module 'libavdevice >= 56.4.100'
[3.072s] --   Found libavdevice, version 60.3.100
[3.148s] -- Found AVDEVICE: TRUE (Required is at least version "56.4.100") 
[3.158s] -- Checking for module 'libavformat'
[3.181s] --   Found libavformat, version 60.16.100
[3.234s] -- Found AVFORMAT: TRUE  
[3.243s] -- Checking for module 'libavcodec'
[3.266s] --   Found libavcodec, version 60.31.102
[3.319s] -- Found AVCODEC: TRUE  
[3.328s] -- Checking for module 'libavutil'
[3.348s] --   Found libavutil, version 58.29.100
[3.396s] -- Found AVUTIL: TRUE  
[3.397s] -- Searching for <gz-common5> component [events]
[3.415s] -- Looking for gz-common5-events -- found version 5.7.1
[3.415s] -- Searching for dependencies of gz-common5-events
[3.416s] -- Looking for gz-math7 -- found version 7.5.2
[3.417s] -- Searching for <gz-common5> component [graphics]
[3.434s] -- Looking for gz-common5-graphics -- found version 5.7.1
[3.434s] -- Searching for dependencies of gz-common5-graphics
[3.435s] -- Looking for gz-math7 -- found version 7.5.2
[3.466s] -- Found GzAssimp: TRUE (found version "5.3.0") 
[3.467s] -- Searching for <gz-common5> component [io]
[3.484s] -- Looking for gz-common5-io -- found version 5.7.1
[3.484s] -- Searching for dependencies of gz-common5-io
[3.485s] -- Searching for <gz-common5> component [profiler]
[3.502s] -- Looking for gz-fuel_tools9 -- found version 9.1.1
[3.502s] -- Searching for dependencies of gz-fuel_tools9
[3.651s] -- Found CURL: /usr/lib/x86_64-linux-gnu/libcurl.so (found version "8.5.0")  
[3.692s] -- Checking for module 'jsoncpp'
[3.711s] --   Found jsoncpp, version 1.9.5
[3.758s] -- Found JSONCPP: TRUE  
[3.813s] -- Checking for module 'yaml-0.1'
[3.835s] --   Found yaml-0.1, version 0.2.5
[3.885s] -- Found YAML: TRUE  
[3.895s] -- Checking for module 'libzip'
[3.919s] --   Found libzip, version 1.7.3
[3.973s] -- Found ZIP: TRUE  
[3.974s] -- Looking for gz-utils2 -- found version 2.2.1
[3.975s] -- Looking for gz-common5 -- found version 5.7.1
[3.975s] -- Searching for dependencies of gz-common5
[3.976s] -- Looking for gz-utils2 -- found version 2.2.1
[3.976s] -- Looking for dlfcn.h - found
[3.976s] -- Looking for libdl - found
[3.986s] -- Searching for <gz-common5> component [testing]
[3.999s] -- Looking for gz-common5-testing -- found version 5.7.1
[4.000s] -- Searching for dependencies of gz-common5-testing
[4.001s] -- Looking for gz-math7 -- found version 7.5.2
[4.002s] -- Looking for gz-msgs10 -- found version 10.3.2
[4.015s] -- Looking for gz-gui8 -- found version 8.4.0
[4.015s] -- Searching for dependencies of gz-gui8
[4.082s] -- Looking for gz-utils2 -- found version 2.2.1
[4.082s] -- Looking for gz-math7 -- found version 7.5.2
[4.083s] -- Looking for gz-common5 -- found version 5.7.1
[4.083s] -- Looking for gz-plugin2 -- found version 2.0.4
[4.084s] -- Looking for gz-transport13 -- found version 13.4.1
[4.097s] -- Looking for gz-rendering8 -- found version 8.2.2
[4.097s] -- Searching for dependencies of gz-rendering8
[4.098s] -- Looking for gz-math7 -- found version 7.5.2
[4.098s] -- Searching for dependencies of gz-math7
[4.099s] -- Looking for gz-utils2 -- found version 2.2.1
[4.099s] -- Searching for <gz-math7> component [eigen3]
[4.116s] -- Looking for gz-math7-eigen3 -- found version 7.5.2
[4.116s] -- Searching for dependencies of gz-math7-eigen3
[4.156s] -- Looking for gz-common5 -- found version 5.7.1
[4.156s] -- Searching for dependencies of gz-common5
[4.157s] -- Looking for gz-utils2 -- found version 2.2.1
[4.157s] -- Looking for dlfcn.h - found
[4.158s] -- Looking for libdl - found
[4.172s] -- Searching for <gz-common5> component [graphics]
[4.172s] -- Searching for <gz-common5> component [events]
[4.172s] -- Searching for <gz-common5> component [geospatial]
[4.190s] -- Looking for gz-common5-geospatial -- found version 5.7.1
[4.190s] -- Searching for dependencies of gz-common5-geospatial
[4.191s] -- Looking for gz-math7 -- found version 7.5.2
[4.192s] -- Looking for gz-common5 -- found version 5.7.1
[4.193s] -- Looking for gz-plugin2 -- found version 2.0.4
[4.194s] -- Searching for dependencies of gz-plugin2
[4.194s] -- Looking for gz-utils2 -- found version 2.2.1
[4.194s] -- Searching for <gz-plugin2> component [all]
[4.209s] -- Looking for all libraries of gz-plugin2 -- found version 2.0.4
[4.210s] -- Looking for gz-plugin2 -- found version 2.0.4
[4.211s] -- Looking for gz-utils2 -- found version 2.2.1
[4.246s] -- Found OpenGL: /usr/lib/x86_64-linux-gnu/libOpenGL.so  found components: OpenGL 
[4.248s] -- Looking for gz-msgs10 -- found version 10.3.2
[4.349s] -- Looking for gz-physics7 -- found version 7.5.0
[4.349s] -- Searching for dependencies of gz-physics7
[4.350s] -- Looking for gz-common5 -- found version 5.7.1
[4.350s] -- Looking for gz-math7 -- found version 7.5.2
[4.351s] -- Looking for gz-plugin2 -- found version 2.0.4
[4.352s] -- Looking for gz-utils2 -- found version 2.2.1
[4.353s] -- Searching for <gz-physics7> component [heightmap]
[4.362s] -- Looking for gz-physics7-heightmap -- found version 7.5.0
[4.362s] -- Searching for dependencies of gz-physics7-heightmap
[4.363s] -- Looking for gz-common5 -- found version 5.7.1
[4.364s] -- Searching for <gz-physics7> component [mesh]
[4.373s] -- Looking for gz-physics7-mesh -- found version 7.5.0
[4.374s] -- Searching for dependencies of gz-physics7-mesh
[4.374s] -- Looking for gz-common5 -- found version 5.7.1
[4.375s] -- Searching for <gz-physics7> component [sdf]
[4.386s] -- Looking for gz-physics7-sdf -- found version 7.5.0
[4.386s] -- Searching for dependencies of gz-physics7-sdf
[4.387s] -- Looking for sdformat14 -- found version 14.7.0
[4.399s] -- Looking for gz-sensors8 -- found version 8.2.2
[4.400s] -- Searching for dependencies of gz-sensors8
[4.458s] -- Looking for gz-math7 -- found version 7.5.2
[4.459s] -- Looking for gz-common5 -- found version 5.7.1
[4.460s] -- Looking for gz-transport13 -- found version 13.4.1
[4.461s] -- Looking for gz-rendering8 -- found version 8.2.2
[4.461s] -- Looking for gz-msgs10 -- found version 10.3.2
[4.462s] -- Looking for sdformat14 -- found version 14.7.0
[4.463s] -- Searching for <gz-sensors8> component [air_pressure]
[4.471s] -- Looking for gz-sensors8-air_pressure -- found version 8.2.2
[4.472s] -- Searching for dependencies of gz-sensors8-air_pressure
[4.473s] -- Searching for <gz-sensors8> component [air_speed]
[4.482s] -- Looking for gz-sensors8-air_speed -- found version 8.2.2
[4.482s] -- Searching for dependencies of gz-sensors8-air_speed
[4.485s] -- Searching for <gz-sensors8> component [altimeter]
[4.494s] -- Looking for gz-sensors8-altimeter -- found version 8.2.2
[4.494s] -- Searching for dependencies of gz-sensors8-altimeter
[4.495s] -- Searching for <gz-sensors8> component [imu]
[4.504s] -- Looking for gz-sensors8-imu -- found version 8.2.2
[4.504s] -- Searching for dependencies of gz-sensors8-imu
[4.506s] -- Searching for <gz-sensors8> component [force_torque]
[4.515s] -- Looking for gz-sensors8-force_torque -- found version 8.2.2
[4.515s] -- Searching for dependencies of gz-sensors8-force_torque
[4.516s] -- Searching for <gz-sensors8> component [logical_camera]
[4.525s] -- Looking for gz-sensors8-logical_camera -- found version 8.2.2
[4.526s] -- Searching for dependencies of gz-sensors8-logical_camera
[4.527s] -- Searching for <gz-sensors8> component [magnetometer]
[4.538s] -- Looking for gz-sensors8-magnetometer -- found version 8.2.2
[4.538s] -- Searching for dependencies of gz-sensors8-magnetometer
[4.539s] -- Searching for <gz-sensors8> component [navsat]
[4.548s] -- Looking for gz-sensors8-navsat -- found version 8.2.2
[4.548s] -- Searching for dependencies of gz-sensors8-navsat
[4.550s] -- Searching for <gz-sensors8> component [dvl]
[4.559s] -- Looking for gz-sensors8-dvl -- found version 8.2.2
[4.560s] -- Searching for dependencies of gz-sensors8-dvl
[4.560s] -- Looking for gz-sensors8 -- found version 8.2.2
[4.561s] -- Searching for dependencies of gz-sensors8
[4.618s] -- Looking for gz-math7 -- found version 7.5.2
[4.619s] -- Looking for gz-common5 -- found version 5.7.1
[4.619s] -- Looking for gz-transport13 -- found version 13.4.1
[4.620s] -- Looking for gz-rendering8 -- found version 8.2.2
[4.621s] -- Looking for gz-msgs10 -- found version 10.3.2
[4.622s] -- Looking for sdformat14 -- found version 14.7.0
[4.622s] -- Searching for <gz-sensors8> component [rendering]
[4.632s] -- Looking for gz-sensors8-rendering -- found version 8.2.2
[4.632s] -- Searching for dependencies of gz-sensors8-rendering
[4.635s] -- Searching for <gz-sensors8> component [rendering]
[4.635s] -- Searching for <gz-sensors8> component [lidar]
[4.644s] -- Looking for gz-sensors8-lidar -- found version 8.2.2
[4.645s] -- Searching for dependencies of gz-sensors8-lidar
[4.645s] -- Looking for gz-sensors8 -- found version 8.2.2
[4.647s] -- Searching for <gz-sensors8> component [gpu_lidar]
[4.656s] -- Looking for gz-sensors8-gpu_lidar -- found version 8.2.2
[4.656s] -- Searching for dependencies of gz-sensors8-gpu_lidar
[4.657s] -- Looking for gz-sensors8 -- found version 8.2.2
[4.659s] -- Searching for <gz-sensors8> component [camera]
[4.667s] -- Looking for gz-sensors8-camera -- found version 8.2.2
[4.668s] -- Searching for dependencies of gz-sensors8-camera
[4.668s] -- Looking for gz-sensors8 -- found version 8.2.2
[4.670s] -- Searching for <gz-sensors8> component [boundingbox_camera]
[4.679s] -- Looking for gz-sensors8-boundingbox_camera -- found version 8.2.2
[4.679s] -- Searching for dependencies of gz-sensors8-boundingbox_camera
[4.680s] -- Searching for <gz-sensors8> component [segmentation_camera]
[4.690s] -- Looking for gz-sensors8-segmentation_camera -- found version 8.2.2
[4.690s] -- Searching for dependencies of gz-sensors8-segmentation_camera
[4.691s] -- Searching for <gz-sensors8> component [depth_camera]
[4.700s] -- Looking for gz-sensors8-depth_camera -- found version 8.2.2
[4.701s] -- Searching for dependencies of gz-sensors8-depth_camera
[4.701s] -- Looking for gz-sensors8 -- found version 8.2.2
[4.703s] -- Searching for <gz-sensors8> component [rgbd_camera]
[4.712s] -- Looking for gz-sensors8-rgbd_camera -- found version 8.2.2
[4.712s] -- Searching for dependencies of gz-sensors8-rgbd_camera
[4.713s] -- Looking for gz-sensors8 -- found version 8.2.2
[4.714s] -- Searching for <gz-sensors8> component [thermal_camera]
[4.723s] -- Looking for gz-sensors8-thermal_camera -- found version 8.2.2
[4.724s] -- Searching for dependencies of gz-sensors8-thermal_camera
[4.724s] -- Looking for gz-sensors8 -- found version 8.2.2
[4.726s] -- Searching for <gz-sensors8> component [wide_angle_camera]
[4.735s] -- Looking for gz-sensors8-wide_angle_camera -- found version 8.2.2
[4.735s] -- Searching for dependencies of gz-sensors8-wide_angle_camera
[4.738s] -- Looking for gz-rendering8 -- found version 8.2.2
[4.738s] -- Looking for gz-math7 -- found version 7.5.2
[4.739s] -- Looking for gz-utils2 -- found version 2.2.1
[4.797s] -- Compiling against Gazebo Harmonic
[4.824s] -- Found ament_lint_auto: 0.17.2 (/opt/ros/jazzy/share/ament_lint_auto/cmake)
[5.030s] -- Configuring done (5.0s)
[5.330s] -- Generating done (0.3s)
[5.409s] -- Build files have been written to: /home/batesr6/robotics/lab2/ros-lab-2/build/ros_gz_gazebo
[5.423s] Invoked command in '/home/batesr6/robotics/lab2/ros-lab-2/build/ros_gz_gazebo' returned '0': CMAKE_PREFIX_PATH=/home/batesr6/robotics/lab2/ros-lab-2/install/ros_gz_description:/opt/ros/jazzy/opt/gz_sim_vendor:/opt/ros/jazzy/opt/gz_sensors_vendor:/opt/ros/jazzy/opt/gz_physics_vendor:/opt/ros/jazzy/opt/sdformat_vendor:/opt/ros/jazzy/opt/gz_gui_vendor:/opt/ros/jazzy/opt/gz_transport_vendor:/opt/ros/jazzy/opt/gz_rendering_vendor:/opt/ros/jazzy/opt/gz_plugin_vendor:/opt/ros/jazzy/opt/gz_fuel_tools_vendor:/opt/ros/jazzy/opt/gz_msgs_vendor:/opt/ros/jazzy/opt/gz_common_vendor:/opt/ros/jazzy/opt/gz_math_vendor:/opt/ros/jazzy/opt/gz_utils_vendor:/opt/ros/jazzy/opt/gz_tools_vendor:/opt/ros/jazzy/opt/gz_ogre_next_vendor:/opt/ros/jazzy/opt/gz_dartsim_vendor:/opt/ros/jazzy/opt/gz_cmake_vendor:/opt/ros/jazzy PS1=<ROS2-Jazzy>[\u@\h \W]$ /usr/bin/cmake /home/batesr6/robotics/lab2/ros-lab-2/ros_gz_gazebo -DCMAKE_INSTALL_PREFIX=/home/batesr6/robotics/lab2/ros-lab-2/install/ros_gz_gazebo
[5.426s] Invoking command in '/home/batesr6/robotics/lab2/ros-lab-2/build/ros_gz_gazebo': CMAKE_PREFIX_PATH=/home/batesr6/robotics/lab2/ros-lab-2/install/ros_gz_description:/opt/ros/jazzy/opt/gz_sim_vendor:/opt/ros/jazzy/opt/gz_sensors_vendor:/opt/ros/jazzy/opt/gz_physics_vendor:/opt/ros/jazzy/opt/sdformat_vendor:/opt/ros/jazzy/opt/gz_gui_vendor:/opt/ros/jazzy/opt/gz_transport_vendor:/opt/ros/jazzy/opt/gz_rendering_vendor:/opt/ros/jazzy/opt/gz_plugin_vendor:/opt/ros/jazzy/opt/gz_fuel_tools_vendor:/opt/ros/jazzy/opt/gz_msgs_vendor:/opt/ros/jazzy/opt/gz_common_vendor:/opt/ros/jazzy/opt/gz_math_vendor:/opt/ros/jazzy/opt/gz_utils_vendor:/opt/ros/jazzy/opt/gz_tools_vendor:/opt/ros/jazzy/opt/gz_ogre_next_vendor:/opt/ros/jazzy/opt/gz_dartsim_vendor:/opt/ros/jazzy/opt/gz_cmake_vendor:/opt/ros/jazzy PS1=<ROS2-Jazzy>[\u@\h \W]$ /usr/bin/cmake --build /home/batesr6/robotics/lab2/ros-lab-2/build/ros_gz_gazebo -- -j24 -l24
[5.559s] [ 50%] [32mBuilding CXX object CMakeFiles/FullSystem.dir/src/FullSystem.cc.o[0m
[5.559s] [ 50%] [32mBuilding CXX object CMakeFiles/BasicSystem.dir/src/BasicSystem.cc.o[0m
[7.170s] [ 75%] [32m[1mLinking CXX shared library libBasicSystem.so[0m
[7.203s] [100%] [32m[1mLinking CXX shared library libFullSystem.so[0m
[7.304s] [100%] Built target BasicSystem
[7.310s] [100%] Built target FullSystem
[7.334s] Invoked command in '/home/batesr6/robotics/lab2/ros-lab-2/build/ros_gz_gazebo' returned '0': CMAKE_PREFIX_PATH=/home/batesr6/robotics/lab2/ros-lab-2/install/ros_gz_description:/opt/ros/jazzy/opt/gz_sim_vendor:/opt/ros/jazzy/opt/gz_sensors_vendor:/opt/ros/jazzy/opt/gz_physics_vendor:/opt/ros/jazzy/opt/sdformat_vendor:/opt/ros/jazzy/opt/gz_gui_vendor:/opt/ros/jazzy/opt/gz_transport_vendor:/opt/ros/jazzy/opt/gz_rendering_vendor:/opt/ros/jazzy/opt/gz_plugin_vendor:/opt/ros/jazzy/opt/gz_fuel_tools_vendor:/opt/ros/jazzy/opt/gz_msgs_vendor:/opt/ros/jazzy/opt/gz_common_vendor:/opt/ros/jazzy/opt/gz_math_vendor:/opt/ros/jazzy/opt/gz_utils_vendor:/opt/ros/jazzy/opt/gz_tools_vendor:/opt/ros/jazzy/opt/gz_ogre_next_vendor:/opt/ros/jazzy/opt/gz_dartsim_vendor:/opt/ros/jazzy/opt/gz_cmake_vendor:/opt/ros/jazzy PS1=<ROS2-Jazzy>[\u@\h \W]$ /usr/bin/cmake --build /home/batesr6/robotics/lab2/ros-lab-2/build/ros_gz_gazebo -- -j24 -l24
[7.338s] Invoking command in '/home/batesr6/robotics/lab2/ros-lab-2/build/ros_gz_gazebo': CMAKE_PREFIX_PATH=/home/batesr6/robotics/lab2/ros-lab-2/install/ros_gz_description:/opt/ros/jazzy/opt/gz_sim_vendor:/opt/ros/jazzy/opt/gz_sensors_vendor:/opt/ros/jazzy/opt/gz_physics_vendor:/opt/ros/jazzy/opt/sdformat_vendor:/opt/ros/jazzy/opt/gz_gui_vendor:/opt/ros/jazzy/opt/gz_transport_vendor:/opt/ros/jazzy/opt/gz_rendering_vendor:/opt/ros/jazzy/opt/gz_plugin_vendor:/opt/ros/jazzy/opt/gz_fuel_tools_vendor:/opt/ros/jazzy/opt/gz_msgs_vendor:/opt/ros/jazzy/opt/gz_common_vendor:/opt/ros/jazzy/opt/gz_math_vendor:/opt/ros/jazzy/opt/gz_utils_vendor:/opt/ros/jazzy/opt/gz_tools_vendor:/opt/ros/jazzy/opt/gz_ogre_next_vendor:/opt/ros/jazzy/opt/gz_dartsim_vendor:/opt/ros/jazzy/opt/gz_cmake_vendor:/opt/ros/jazzy PS1=<ROS2-Jazzy>[\u@\h \W]$ /usr/bin/cmake --install /home/batesr6/robotics/lab2/ros-lab-2/build/ros_gz_gazebo
[7.361s] -- Install configuration: ""
[7.367s] -- Installing: /home/batesr6/robotics/lab2/ros-lab-2/install/ros_gz_gazebo/lib/ros_gz_gazebo/libBasicSystem.so
[7.384s] -- Set non-toolchain portion of runtime path of "/home/batesr6/robotics/lab2/ros-lab-2/install/ros_gz_gazebo/lib/ros_gz_gazebo/libBasicSystem.so" to ""
[7.386s] -- Installing: /home/batesr6/robotics/lab2/ros-lab-2/install/ros_gz_gazebo/lib/ros_gz_gazebo/libFullSystem.so
[7.409s] -- Set non-toolchain portion of runtime path of "/home/batesr6/robotics/lab2/ros-lab-2/install/ros_gz_gazebo/lib/ros_gz_gazebo/libFullSystem.so" to ""
[7.410s] -- Installing: /home/batesr6/robotics/lab2/ros-lab-2/install/ros_gz_gazebo/share/ros_gz_gazebo/worlds
[7.417s] -- Installing: /home/batesr6/robotics/lab2/ros-lab-2/install/ros_gz_gazebo/share/ros_gz_gazebo/worlds/maze.sdf
[7.423s] -- Installing: /home/batesr6/robotics/lab2/ros-lab-2/install/ros_gz_gazebo/share/ros_gz_gazebo/worlds/diff_drive.sdf
[7.433s] -- Installing: /home/batesr6/robotics/lab2/ros-lab-2/install/ros_gz_gazebo/share/ros_gz_gazebo/environment/ros_gz_gazebo.dsv
[7.440s] -- Installing: /home/batesr6/robotics/lab2/ros-lab-2/install/ros_gz_gazebo/share/ros_gz_gazebo/environment/ros_gz_gazebo.sh
[7.452s] -- Installing: /home/batesr6/robotics/lab2/ros-lab-2/install/ros_gz_gazebo/share/ament_index/resource_index/package_run_dependencies/ros_gz_gazebo
[7.463s] -- Installing: /home/batesr6/robotics/lab2/ros-lab-2/install/ros_gz_gazebo/share/ament_index/resource_index/parent_prefix_path/ros_gz_gazebo
[7.471s] -- Installing: /home/batesr6/robotics/lab2/ros-lab-2/install/ros_gz_gazebo/share/ros_gz_gazebo/environment/ament_prefix_path.sh
[7.477s] -- Installing: /home/batesr6/robotics/lab2/ros-lab-2/install/ros_gz_gazebo/share/ros_gz_gazebo/environment/ament_prefix_path.dsv
[7.484s] -- Installing: /home/batesr6/robotics/lab2/ros-lab-2/install/ros_gz_gazebo/share/ros_gz_gazebo/environment/path.sh
[7.491s] -- Installing: /home/batesr6/robotics/lab2/ros-lab-2/install/ros_gz_gazebo/share/ros_gz_gazebo/environment/path.dsv
[7.499s] -- Installing: /home/batesr6/robotics/lab2/ros-lab-2/install/ros_gz_gazebo/share/ros_gz_gazebo/local_setup.bash
[7.506s] -- Installing: /home/batesr6/robotics/lab2/ros-lab-2/install/ros_gz_gazebo/share/ros_gz_gazebo/local_setup.sh
[7.513s] -- Installing: /home/batesr6/robotics/lab2/ros-lab-2/install/ros_gz_gazebo/share/ros_gz_gazebo/local_setup.zsh
[7.521s] -- Installing: /home/batesr6/robotics/lab2/ros-lab-2/install/ros_gz_gazebo/share/ros_gz_gazebo/local_setup.dsv
[7.528s] -- Installing: /home/batesr6/robotics/lab2/ros-lab-2/install/ros_gz_gazebo/share/ros_gz_gazebo/package.dsv
[7.540s] -- Installing: /home/batesr6/robotics/lab2/ros-lab-2/install/ros_gz_gazebo/share/ament_index/resource_index/packages/ros_gz_gazebo
[7.549s] -- Installing: /home/batesr6/robotics/lab2/ros-lab-2/install/ros_gz_gazebo/share/ros_gz_gazebo/cmake/ros_gz_gazeboConfig.cmake
[7.556s] -- Installing: /home/batesr6/robotics/lab2/ros-lab-2/install/ros_gz_gazebo/share/ros_gz_gazebo/cmake/ros_gz_gazeboConfig-version.cmake
[7.564s] -- Installing: /home/batesr6/robotics/lab2/ros-lab-2/install/ros_gz_gazebo/share/ros_gz_gazebo/package.xml
[7.575s] Invoked command in '/home/batesr6/robotics/lab2/ros-lab-2/build/ros_gz_gazebo' returned '0': CMAKE_PREFIX_PATH=/home/batesr6/robotics/lab2/ros-lab-2/install/ros_gz_description:/opt/ros/jazzy/opt/gz_sim_vendor:/opt/ros/jazzy/opt/gz_sensors_vendor:/opt/ros/jazzy/opt/gz_physics_vendor:/opt/ros/jazzy/opt/sdformat_vendor:/opt/ros/jazzy/opt/gz_gui_vendor:/opt/ros/jazzy/opt/gz_transport_vendor:/opt/ros/jazzy/opt/gz_rendering_vendor:/opt/ros/jazzy/opt/gz_plugin_vendor:/opt/ros/jazzy/opt/gz_fuel_tools_vendor:/opt/ros/jazzy/opt/gz_msgs_vendor:/opt/ros/jazzy/opt/gz_common_vendor:/opt/ros/jazzy/opt/gz_math_vendor:/opt/ros/jazzy/opt/gz_utils_vendor:/opt/ros/jazzy/opt/gz_tools_vendor:/opt/ros/jazzy/opt/gz_ogre_next_vendor:/opt/ros/jazzy/opt/gz_dartsim_vendor:/opt/ros/jazzy/opt/gz_cmake_vendor:/opt/ros/jazzy PS1=<ROS2-Jazzy>[\u@\h \W]$ /usr/bin/cmake --install /home/batesr6/robotics/lab2/ros-lab-2/build/ros_gz_gazebo
